DEBUG - 2025-08-30 06:17:58 --> Session: Class initialized using 'CodeIgniter\Session\Handlers\FileHandler' driver.
DEBUG - 2025-08-30 06:48:23 --> Session: Class initialized using 'CodeIgniter\Session\Handlers\FileHandler' driver.
ERROR - 2025-08-30 06:48:25 --> Error connecting to the database: ErrorException: pg_connect(): Unable to connect to PostgreSQL server: connection to server at &quot;localhost&quot; (::1), port 5432 failed: FATAL:  password authentication failed for user &quot;postgres&quot; in C:\laragon\www\SNIA_KP\system\Database\Postgre\Connection.php:78
Stack trace:
#0 [internal function]: CodeIgniter\Debug\Exceptions->errorHandler(2, 'pg_connect(): U...', 'C:\\laragon\\www\\...', 78)
#1 C:\laragon\www\SNIA_KP\system\Database\Postgre\Connection.php(78): pg_connect('host=localhost ...')
#2 C:\laragon\www\SNIA_KP\system\Database\BaseConnection.php(419): CodeIgniter\Database\Postgre\Connection->connect(false)
#3 C:\laragon\www\SNIA_KP\system\Database\BaseConnection.php(614): CodeIgniter\Database\BaseConnection->initialize()
#4 C:\laragon\www\SNIA_KP\system\Database\BaseBuilder.php(1649): CodeIgniter\Database\BaseConnection->query('SELECT *\nFROM "...', Array, false)
#5 C:\laragon\www\SNIA_KP\system\Model.php(330): CodeIgniter\Database\BaseBuilder->get()
#6 C:\laragon\www\SNIA_KP\system\BaseModel.php(715): CodeIgniter\Model->doFirst()
#7 C:\laragon\www\SNIA_KP\app\Controllers\Auth\Login.php(24): CodeIgniter\BaseModel->first()
#8 C:\laragon\www\SNIA_KP\system\CodeIgniter.php(933): App\Controllers\Auth\Login->login()
#9 C:\laragon\www\SNIA_KP\system\CodeIgniter.php(507): CodeIgniter\CodeIgniter->runController(Object(App\Controllers\Auth\Login))
#10 C:\laragon\www\SNIA_KP\system\CodeIgniter.php(354): CodeIgniter\CodeIgniter->handleRequest(NULL, Object(Config\Cache), false)
#11 C:\laragon\www\SNIA_KP\system\Boot.php(363): CodeIgniter\CodeIgniter->run()
#12 C:\laragon\www\SNIA_KP\system\Boot.php(68): CodeIgniter\Boot::runCodeIgniter(Object(CodeIgniter\CodeIgniter))
#13 C:\laragon\www\SNIA_KP\public\index.php(59): CodeIgniter\Boot::bootWeb(Object(Config\Paths))
#14 C:\laragon\www\SNIA_KP\system\rewrite.php(44): require_once('C:\\laragon\\www\\...')
#15 {main}
CRITICAL - 2025-08-30 06:48:25 --> CodeIgniter\Database\Exceptions\DatabaseException: Unable to connect to the database.
Main connection [Postgre]: pg_connect(): Unable to connect to PostgreSQL server: connection to server at &quot;localhost&quot; (::1), port 5432 failed: FATAL:  password authentication failed for user &quot;postgres&quot;
[Method: POST, Route: auth/login]
in SYSTEMPATH\Database\BaseConnection.php on line 465.
 1 SYSTEMPATH\Database\BaseConnection.php(614): CodeIgniter\Database\BaseConnection->initialize()
 2 SYSTEMPATH\Database\BaseBuilder.php(1649): CodeIgniter\Database\BaseConnection->query('SELECT *
FROM "users"
WHERE "email" = :email:
 LIMIT 1', [...], false)
 3 SYSTEMPATH\Model.php(330): CodeIgniter\Database\BaseBuilder->get()
 4 SYSTEMPATH\BaseModel.php(715): CodeIgniter\Model->doFirst()
 5 APPPATH\Controllers\Auth\Login.php(24): CodeIgniter\BaseModel->first()
 6 SYSTEMPATH\CodeIgniter.php(933): App\Controllers\Auth\Login->login()
 7 SYSTEMPATH\CodeIgniter.php(507): CodeIgniter\CodeIgniter->runController(Object(App\Controllers\Auth\Login))
 8 SYSTEMPATH\CodeIgniter.php(354): CodeIgniter\CodeIgniter->handleRequest(null, Object(Config\Cache), false)
 9 SYSTEMPATH\Boot.php(363): CodeIgniter\CodeIgniter->run()
10 SYSTEMPATH\Boot.php(68): CodeIgniter\Boot::runCodeIgniter(Object(CodeIgniter\CodeIgniter))
11 FCPATH\index.php(59): CodeIgniter\Boot::bootWeb(Object(Config\Paths))
12 SYSTEMPATH\rewrite.php(44): require_once('C:\\laragon\\www\\SNIA_KP\\public\\index.php')
DEBUG - 2025-08-30 06:48:30 --> Session: Class initialized using 'CodeIgniter\Session\Handlers\FileHandler' driver.
ERROR - 2025-08-30 06:48:36 --> Error connecting to the database: ErrorException: pg_connect(): Unable to connect to PostgreSQL server: connection to server at &quot;localhost&quot; (::1), port 5432 failed: FATAL:  password authentication failed for user &quot;postgres&quot; in C:\laragon\www\SNIA_KP\system\Database\Postgre\Connection.php:78
Stack trace:
#0 [internal function]: CodeIgniter\Debug\Exceptions->errorHandler(2, 'pg_connect(): U...', 'C:\\laragon\\www\\...', 78)
#1 C:\laragon\www\SNIA_KP\system\Database\Postgre\Connection.php(78): pg_connect('host=localhost ...')
#2 C:\laragon\www\SNIA_KP\system\Database\BaseConnection.php(419): CodeIgniter\Database\Postgre\Connection->connect(false)
#3 C:\laragon\www\SNIA_KP\system\Database\BaseConnection.php(614): CodeIgniter\Database\BaseConnection->initialize()
#4 C:\laragon\www\SNIA_KP\system\Database\BaseBuilder.php(1649): CodeIgniter\Database\BaseConnection->query('SELECT *\nFROM "...', Array, false)
#5 C:\laragon\www\SNIA_KP\system\Model.php(330): CodeIgniter\Database\BaseBuilder->get()
#6 C:\laragon\www\SNIA_KP\system\BaseModel.php(715): CodeIgniter\Model->doFirst()
#7 C:\laragon\www\SNIA_KP\app\Controllers\Auth\Login.php(24): CodeIgniter\BaseModel->first()
#8 C:\laragon\www\SNIA_KP\system\CodeIgniter.php(933): App\Controllers\Auth\Login->login()
#9 C:\laragon\www\SNIA_KP\system\CodeIgniter.php(507): CodeIgniter\CodeIgniter->runController(Object(App\Controllers\Auth\Login))
#10 C:\laragon\www\SNIA_KP\system\CodeIgniter.php(354): CodeIgniter\CodeIgniter->handleRequest(NULL, Object(Config\Cache), false)
#11 C:\laragon\www\SNIA_KP\system\Boot.php(363): CodeIgniter\CodeIgniter->run()
#12 C:\laragon\www\SNIA_KP\system\Boot.php(68): CodeIgniter\Boot::runCodeIgniter(Object(CodeIgniter\CodeIgniter))
#13 C:\laragon\www\SNIA_KP\public\index.php(59): CodeIgniter\Boot::bootWeb(Object(Config\Paths))
#14 C:\laragon\www\SNIA_KP\system\rewrite.php(44): require_once('C:\\laragon\\www\\...')
#15 {main}
CRITICAL - 2025-08-30 06:48:36 --> CodeIgniter\Database\Exceptions\DatabaseException: Unable to connect to the database.
Main connection [Postgre]: pg_connect(): Unable to connect to PostgreSQL server: connection to server at &quot;localhost&quot; (::1), port 5432 failed: FATAL:  password authentication failed for user &quot;postgres&quot;
[Method: POST, Route: auth/login]
in SYSTEMPATH\Database\BaseConnection.php on line 465.
 1 SYSTEMPATH\Database\BaseConnection.php(614): CodeIgniter\Database\BaseConnection->initialize()
 2 SYSTEMPATH\Database\BaseBuilder.php(1649): CodeIgniter\Database\BaseConnection->query('SELECT *
FROM "users"
WHERE "email" = :email:
 LIMIT 1', [...], false)
 3 SYSTEMPATH\Model.php(330): CodeIgniter\Database\BaseBuilder->get()
 4 SYSTEMPATH\BaseModel.php(715): CodeIgniter\Model->doFirst()
 5 APPPATH\Controllers\Auth\Login.php(24): CodeIgniter\BaseModel->first()
 6 SYSTEMPATH\CodeIgniter.php(933): App\Controllers\Auth\Login->login()
 7 SYSTEMPATH\CodeIgniter.php(507): CodeIgniter\CodeIgniter->runController(Object(App\Controllers\Auth\Login))
 8 SYSTEMPATH\CodeIgniter.php(354): CodeIgniter\CodeIgniter->handleRequest(null, Object(Config\Cache), false)
 9 SYSTEMPATH\Boot.php(363): CodeIgniter\CodeIgniter->run()
10 SYSTEMPATH\Boot.php(68): CodeIgniter\Boot::runCodeIgniter(Object(CodeIgniter\CodeIgniter))
11 FCPATH\index.php(59): CodeIgniter\Boot::bootWeb(Object(Config\Paths))
12 SYSTEMPATH\rewrite.php(44): require_once('C:\\laragon\\www\\SNIA_KP\\public\\index.php')
DEBUG - 2025-08-30 06:48:40 --> Session: Class initialized using 'CodeIgniter\Session\Handlers\FileHandler' driver.
ERROR - 2025-08-30 06:48:43 --> Error connecting to the database: ErrorException: pg_connect(): Unable to connect to PostgreSQL server: connection to server at &quot;localhost&quot; (::1), port 5432 failed: FATAL:  password authentication failed for user &quot;postgres&quot; in C:\laragon\www\SNIA_KP\system\Database\Postgre\Connection.php:78
Stack trace:
#0 [internal function]: CodeIgniter\Debug\Exceptions->errorHandler(2, 'pg_connect(): U...', 'C:\\laragon\\www\\...', 78)
#1 C:\laragon\www\SNIA_KP\system\Database\Postgre\Connection.php(78): pg_connect('host=localhost ...')
#2 C:\laragon\www\SNIA_KP\system\Database\BaseConnection.php(419): CodeIgniter\Database\Postgre\Connection->connect(false)
#3 C:\laragon\www\SNIA_KP\system\Database\BaseConnection.php(614): CodeIgniter\Database\BaseConnection->initialize()
#4 C:\laragon\www\SNIA_KP\system\Database\BaseBuilder.php(1649): CodeIgniter\Database\BaseConnection->query('SELECT *\nFROM "...', Array, false)
#5 C:\laragon\www\SNIA_KP\system\Model.php(330): CodeIgniter\Database\BaseBuilder->get()
#6 C:\laragon\www\SNIA_KP\system\BaseModel.php(715): CodeIgniter\Model->doFirst()
#7 C:\laragon\www\SNIA_KP\app\Controllers\Auth\Login.php(24): CodeIgniter\BaseModel->first()
#8 C:\laragon\www\SNIA_KP\system\CodeIgniter.php(933): App\Controllers\Auth\Login->login()
#9 C:\laragon\www\SNIA_KP\system\CodeIgniter.php(507): CodeIgniter\CodeIgniter->runController(Object(App\Controllers\Auth\Login))
#10 C:\laragon\www\SNIA_KP\system\CodeIgniter.php(354): CodeIgniter\CodeIgniter->handleRequest(NULL, Object(Config\Cache), false)
#11 C:\laragon\www\SNIA_KP\system\Boot.php(363): CodeIgniter\CodeIgniter->run()
#12 C:\laragon\www\SNIA_KP\system\Boot.php(68): CodeIgniter\Boot::runCodeIgniter(Object(CodeIgniter\CodeIgniter))
#13 C:\laragon\www\SNIA_KP\public\index.php(59): CodeIgniter\Boot::bootWeb(Object(Config\Paths))
#14 C:\laragon\www\SNIA_KP\system\rewrite.php(44): require_once('C:\\laragon\\www\\...')
#15 {main}
CRITICAL - 2025-08-30 06:48:43 --> CodeIgniter\Database\Exceptions\DatabaseException: Unable to connect to the database.
Main connection [Postgre]: pg_connect(): Unable to connect to PostgreSQL server: connection to server at &quot;localhost&quot; (::1), port 5432 failed: FATAL:  password authentication failed for user &quot;postgres&quot;
[Method: POST, Route: auth/login]
in SYSTEMPATH\Database\BaseConnection.php on line 465.
 1 SYSTEMPATH\Database\BaseConnection.php(614): CodeIgniter\Database\BaseConnection->initialize()
 2 SYSTEMPATH\Database\BaseBuilder.php(1649): CodeIgniter\Database\BaseConnection->query('SELECT *
FROM "users"
WHERE "email" = :email:
 LIMIT 1', [...], false)
 3 SYSTEMPATH\Model.php(330): CodeIgniter\Database\BaseBuilder->get()
 4 SYSTEMPATH\BaseModel.php(715): CodeIgniter\Model->doFirst()
 5 APPPATH\Controllers\Auth\Login.php(24): CodeIgniter\BaseModel->first()
 6 SYSTEMPATH\CodeIgniter.php(933): App\Controllers\Auth\Login->login()
 7 SYSTEMPATH\CodeIgniter.php(507): CodeIgniter\CodeIgniter->runController(Object(App\Controllers\Auth\Login))
 8 SYSTEMPATH\CodeIgniter.php(354): CodeIgniter\CodeIgniter->handleRequest(null, Object(Config\Cache), false)
 9 SYSTEMPATH\Boot.php(363): CodeIgniter\CodeIgniter->run()
10 SYSTEMPATH\Boot.php(68): CodeIgniter\Boot::runCodeIgniter(Object(CodeIgniter\CodeIgniter))
11 FCPATH\index.php(59): CodeIgniter\Boot::bootWeb(Object(Config\Paths))
12 SYSTEMPATH\rewrite.php(44): require_once('C:\\laragon\\www\\SNIA_KP\\public\\index.php')
DEBUG - 2025-08-30 06:48:46 --> Session: Class initialized using 'CodeIgniter\Session\Handlers\FileHandler' driver.
DEBUG - 2025-08-30 06:48:52 --> Session: Class initialized using 'CodeIgniter\Session\Handlers\FileHandler' driver.
DEBUG - 2025-08-30 06:48:54 --> Session: Class initialized using 'CodeIgniter\Session\Handlers\FileHandler' driver.
ERROR - 2025-08-30 06:49:13 --> Error connecting to the database: ErrorException: pg_connect(): Unable to connect to PostgreSQL server: connection to server at &quot;localhost&quot; (::1), port 5432 failed: FATAL:  password authentication failed for user &quot;postgres&quot; in C:\laragon\www\SNIA_KP\system\Database\Postgre\Connection.php:78
Stack trace:
#0 [internal function]: CodeIgniter\Debug\Exceptions->errorHandler(2, 'pg_connect(): U...', 'C:\\laragon\\www\\...', 78)
#1 C:\laragon\www\SNIA_KP\system\Database\Postgre\Connection.php(78): pg_connect('host=localhost ...')
#2 C:\laragon\www\SNIA_KP\system\Database\BaseConnection.php(419): CodeIgniter\Database\Postgre\Connection->connect(false)
#3 C:\laragon\www\SNIA_KP\system\Database\BaseConnection.php(614): CodeIgniter\Database\BaseConnection->initialize()
#4 C:\laragon\www\SNIA_KP\system\Database\BaseBuilder.php(1649): CodeIgniter\Database\BaseConnection->query('SELECT *\nFROM "...', Array, false)
#5 C:\laragon\www\SNIA_KP\system\Model.php(330): CodeIgniter\Database\BaseBuilder->get()
#6 C:\laragon\www\SNIA_KP\system\BaseModel.php(715): CodeIgniter\Model->doFirst()
#7 C:\laragon\www\SNIA_KP\app\Controllers\Auth\Login.php(24): CodeIgniter\BaseModel->first()
#8 C:\laragon\www\SNIA_KP\system\CodeIgniter.php(933): App\Controllers\Auth\Login->login()
#9 C:\laragon\www\SNIA_KP\system\CodeIgniter.php(507): CodeIgniter\CodeIgniter->runController(Object(App\Controllers\Auth\Login))
#10 C:\laragon\www\SNIA_KP\system\CodeIgniter.php(354): CodeIgniter\CodeIgniter->handleRequest(NULL, Object(Config\Cache), false)
#11 C:\laragon\www\SNIA_KP\system\Boot.php(363): CodeIgniter\CodeIgniter->run()
#12 C:\laragon\www\SNIA_KP\system\Boot.php(68): CodeIgniter\Boot::runCodeIgniter(Object(CodeIgniter\CodeIgniter))
#13 C:\laragon\www\SNIA_KP\public\index.php(59): CodeIgniter\Boot::bootWeb(Object(Config\Paths))
#14 C:\laragon\www\SNIA_KP\system\rewrite.php(44): require_once('C:\\laragon\\www\\...')
#15 {main}
CRITICAL - 2025-08-30 06:49:13 --> CodeIgniter\Database\Exceptions\DatabaseException: Unable to connect to the database.
Main connection [Postgre]: pg_connect(): Unable to connect to PostgreSQL server: connection to server at &quot;localhost&quot; (::1), port 5432 failed: FATAL:  password authentication failed for user &quot;postgres&quot;
[Method: POST, Route: auth/login]
in SYSTEMPATH\Database\BaseConnection.php on line 465.
 1 SYSTEMPATH\Database\BaseConnection.php(614): CodeIgniter\Database\BaseConnection->initialize()
 2 SYSTEMPATH\Database\BaseBuilder.php(1649): CodeIgniter\Database\BaseConnection->query('SELECT *
FROM "users"
WHERE "email" = :email:
 LIMIT 1', [...], false)
 3 SYSTEMPATH\Model.php(330): CodeIgniter\Database\BaseBuilder->get()
 4 SYSTEMPATH\BaseModel.php(715): CodeIgniter\Model->doFirst()
 5 APPPATH\Controllers\Auth\Login.php(24): CodeIgniter\BaseModel->first()
 6 SYSTEMPATH\CodeIgniter.php(933): App\Controllers\Auth\Login->login()
 7 SYSTEMPATH\CodeIgniter.php(507): CodeIgniter\CodeIgniter->runController(Object(App\Controllers\Auth\Login))
 8 SYSTEMPATH\CodeIgniter.php(354): CodeIgniter\CodeIgniter->handleRequest(null, Object(Config\Cache), false)
 9 SYSTEMPATH\Boot.php(363): CodeIgniter\CodeIgniter->run()
10 SYSTEMPATH\Boot.php(68): CodeIgniter\Boot::runCodeIgniter(Object(CodeIgniter\CodeIgniter))
11 FCPATH\index.php(59): CodeIgniter\Boot::bootWeb(Object(Config\Paths))
12 SYSTEMPATH\rewrite.php(44): require_once('C:\\laragon\\www\\SNIA_KP\\public\\index.php')
DEBUG - 2025-08-30 06:49:41 --> Session: Class initialized using 'CodeIgniter\Session\Handlers\FileHandler' driver.
DEBUG - 2025-08-30 06:49:42 --> Session: Class initialized using 'CodeIgniter\Session\Handlers\FileHandler' driver.
DEBUG - 2025-08-30 06:49:42 --> Session: Class initialized using 'CodeIgniter\Session\Handlers\FileHandler' driver.
DEBUG - 2025-08-30 06:49:44 --> Session: Class initialized using 'CodeIgniter\Session\Handlers\FileHandler' driver.
DEBUG - 2025-08-30 06:49:44 --> Session: Class initialized using 'CodeIgniter\Session\Handlers\FileHandler' driver.
DEBUG - 2025-08-30 06:49:44 --> Session: Class initialized using 'CodeIgniter\Session\Handlers\FileHandler' driver.
DEBUG - 2025-08-30 06:49:46 --> Session: Class initialized using 'CodeIgniter\Session\Handlers\FileHandler' driver.
DEBUG - 2025-08-30 06:49:48 --> Session: Class initialized using 'CodeIgniter\Session\Handlers\FileHandler' driver.
DEBUG - 2025-08-30 06:49:51 --> Session: Class initialized using 'CodeIgniter\Session\Handlers\FileHandler' driver.
DEBUG - 2025-08-30 06:49:51 --> Session: Class initialized using 'CodeIgniter\Session\Handlers\FileHandler' driver.
DEBUG - 2025-08-30 06:49:51 --> Session: Class initialized using 'CodeIgniter\Session\Handlers\FileHandler' driver.
DEBUG - 2025-08-30 06:49:59 --> Session: Class initialized using 'CodeIgniter\Session\Handlers\FileHandler' driver.
DEBUG - 2025-08-30 06:50:06 --> Session: Class initialized using 'CodeIgniter\Session\Handlers\FileHandler' driver.
DEBUG - 2025-08-30 06:50:12 --> Session: Class initialized using 'CodeIgniter\Session\Handlers\FileHandler' driver.
ERROR - 2025-08-30 06:50:12 --> ErrorException: pg_query(): Query failed: ERROR:  column &quot;%Y-%m&quot; does not exist
LINE 3: WHERE DATE_FORMAT(created_at, &quot;%Y-%m&quot;) = '2025-03'
                                      ^ in C:\laragon\www\SNIA_KP\system\Database\Postgre\Connection.php:206
Stack trace:
#0 [internal function]: CodeIgniter\Debug\Exceptions->errorHandler(2, 'pg_query(): Que...', 'C:\\laragon\\www\\...', 206)
#1 C:\laragon\www\SNIA_KP\system\Database\Postgre\Connection.php(206): pg_query(Object(PgSql\Connection), 'SELECT COUNT(*)...')
#2 C:\laragon\www\SNIA_KP\system\Database\BaseConnection.php(729): CodeIgniter\Database\Postgre\Connection->execute('SELECT COUNT(*)...')
#3 C:\laragon\www\SNIA_KP\system\Database\BaseConnection.php(646): CodeIgniter\Database\BaseConnection->simpleQuery('SELECT COUNT(*)...')
#4 C:\laragon\www\SNIA_KP\system\Database\BaseBuilder.php(1733): CodeIgniter\Database\BaseConnection->query('SELECT COUNT(*)...', Array, false)
#5 C:\laragon\www\SNIA_KP\system\Model.php(675): CodeIgniter\Database\BaseBuilder->countAllResults(true)
#6 C:\laragon\www\SNIA_KP\app\Controllers\Role\Admin\Laporan.php(110): CodeIgniter\Model->countAllResults()
#7 C:\laragon\www\SNIA_KP\app\Controllers\Role\Admin\Laporan.php(75): App\Controllers\Role\Admin\Laporan->getMonthlyStatistics(6)
#8 C:\laragon\www\SNIA_KP\system\CodeIgniter.php(933): App\Controllers\Role\Admin\Laporan->index()
#9 C:\laragon\www\SNIA_KP\system\CodeIgniter.php(507): CodeIgniter\CodeIgniter->runController(Object(App\Controllers\Role\Admin\Laporan))
#10 C:\laragon\www\SNIA_KP\system\CodeIgniter.php(354): CodeIgniter\CodeIgniter->handleRequest(NULL, Object(Config\Cache), false)
#11 C:\laragon\www\SNIA_KP\system\Boot.php(363): CodeIgniter\CodeIgniter->run()
#12 C:\laragon\www\SNIA_KP\system\Boot.php(68): CodeIgniter\Boot::runCodeIgniter(Object(CodeIgniter\CodeIgniter))
#13 C:\laragon\www\SNIA_KP\public\index.php(59): CodeIgniter\Boot::bootWeb(Object(Config\Paths))
#14 C:\laragon\www\SNIA_KP\system\rewrite.php(44): require_once('C:\\laragon\\www\\...')
#15 {main}
CRITICAL - 2025-08-30 06:50:12 --> CodeIgniter\Database\Exceptions\DatabaseException: pg_query(): Query failed: ERROR:  column &quot;%Y-%m&quot; does not exist
LINE 3: WHERE DATE_FORMAT(created_at, &quot;%Y-%m&quot;) = '2025-03'
                                      ^
[Method: GET, Route: admin/laporan]
in SYSTEMPATH\Database\BaseConnection.php on line 684.
 1 SYSTEMPATH\Database\BaseBuilder.php(1733): CodeIgniter\Database\BaseConnection->query('SELECT COUNT(*) AS "numrows"
FROM "users"
WHERE DATE_FORMAT(created_at, "%Y-%m") = :DATE_FORMAT(created_at, "%Y-%m"):', [...], false)
 2 SYSTEMPATH\Model.php(675): CodeIgniter\Database\BaseBuilder->countAllResults(true)
 3 APPPATH\Controllers\Role\Admin\Laporan.php(110): CodeIgniter\Model->countAllResults()
 4 APPPATH\Controllers\Role\Admin\Laporan.php(75): App\Controllers\Role\Admin\Laporan->getMonthlyStatistics(6)
 5 SYSTEMPATH\CodeIgniter.php(933): App\Controllers\Role\Admin\Laporan->index()
 6 SYSTEMPATH\CodeIgniter.php(507): CodeIgniter\CodeIgniter->runController(Object(App\Controllers\Role\Admin\Laporan))
 7 SYSTEMPATH\CodeIgniter.php(354): CodeIgniter\CodeIgniter->handleRequest(null, Object(Config\Cache), false)
 8 SYSTEMPATH\Boot.php(363): CodeIgniter\CodeIgniter->run()
 9 SYSTEMPATH\Boot.php(68): CodeIgniter\Boot::runCodeIgniter(Object(CodeIgniter\CodeIgniter))
10 FCPATH\index.php(59): CodeIgniter\Boot::bootWeb(Object(Config\Paths))
11 SYSTEMPATH\rewrite.php(44): require_once('C:\\laragon\\www\\SNIA_KP\\public\\index.php')
CRITICAL - 2025-08-30 06:50:12 --> [Caused by] CodeIgniter\Database\Exceptions\DatabaseException: pg_query(): Query failed: ERROR:  column &quot;%Y-%m&quot; does not exist
LINE 3: WHERE DATE_FORMAT(created_at, &quot;%Y-%m&quot;) = '2025-03'
                                      ^
in SYSTEMPATH\Database\Postgre\Connection.php on line 211.
 1 SYSTEMPATH\Database\BaseConnection.php(729): CodeIgniter\Database\Postgre\Connection->execute('SELECT COUNT(*) AS "numrows"
FROM "users"
WHERE DATE_FORMAT(created_at, "%Y-%m") = \'2025-03\'')
 2 SYSTEMPATH\Database\BaseConnection.php(646): CodeIgniter\Database\BaseConnection->simpleQuery('SELECT COUNT(*) AS "numrows"
FROM "users"
WHERE DATE_FORMAT(created_at, "%Y-%m") = \'2025-03\'')
 3 SYSTEMPATH\Database\BaseBuilder.php(1733): CodeIgniter\Database\BaseConnection->query('SELECT COUNT(*) AS "numrows"
FROM "users"
WHERE DATE_FORMAT(created_at, "%Y-%m") = :DATE_FORMAT(created_at, "%Y-%m"):', [...], false)
 4 SYSTEMPATH\Model.php(675): CodeIgniter\Database\BaseBuilder->countAllResults(true)
 5 APPPATH\Controllers\Role\Admin\Laporan.php(110): CodeIgniter\Model->countAllResults()
 6 APPPATH\Controllers\Role\Admin\Laporan.php(75): App\Controllers\Role\Admin\Laporan->getMonthlyStatistics(6)
 7 SYSTEMPATH\CodeIgniter.php(933): App\Controllers\Role\Admin\Laporan->index()
 8 SYSTEMPATH\CodeIgniter.php(507): CodeIgniter\CodeIgniter->runController(Object(App\Controllers\Role\Admin\Laporan))
 9 SYSTEMPATH\CodeIgniter.php(354): CodeIgniter\CodeIgniter->handleRequest(null, Object(Config\Cache), false)
10 SYSTEMPATH\Boot.php(363): CodeIgniter\CodeIgniter->run()
11 SYSTEMPATH\Boot.php(68): CodeIgniter\Boot::runCodeIgniter(Object(CodeIgniter\CodeIgniter))
12 FCPATH\index.php(59): CodeIgniter\Boot::bootWeb(Object(Config\Paths))
13 SYSTEMPATH\rewrite.php(44): require_once('C:\\laragon\\www\\SNIA_KP\\public\\index.php')
CRITICAL - 2025-08-30 06:50:12 --> [Caused by] ErrorException: pg_query(): Query failed: ERROR:  column &quot;%Y-%m&quot; does not exist
LINE 3: WHERE DATE_FORMAT(created_at, &quot;%Y-%m&quot;) = '2025-03'
                                      ^
in SYSTEMPATH\Database\Postgre\Connection.php on line 206.
 1 [internal function]: CodeIgniter\Debug\Exceptions->errorHandler(2, 'pg_query(): Query failed: ERROR:  column &quot;%Y-%m&quot; does not exist
LINE 3: WHERE DATE_FORMAT(created_at, &quot;%Y-%m&quot;) = \'2025-03\'
                                      ^', 'C:\\laragon\\www\\SNIA_KP\\system\\Database\\Postgre\\Connection.php', 206)
 2 SYSTEMPATH\Database\Postgre\Connection.php(206): pg_query(Object(PgSql\Connection), 'SELECT COUNT(*) AS "numrows"
FROM "users"
WHERE DATE_FORMAT(created_at, "%Y-%m") = \'2025-03\'')
 3 SYSTEMPATH\Database\BaseConnection.php(729): CodeIgniter\Database\Postgre\Connection->execute('SELECT COUNT(*) AS "numrows"
FROM "users"
WHERE DATE_FORMAT(created_at, "%Y-%m") = \'2025-03\'')
 4 SYSTEMPATH\Database\BaseConnection.php(646): CodeIgniter\Database\BaseConnection->simpleQuery('SELECT COUNT(*) AS "numrows"
FROM "users"
WHERE DATE_FORMAT(created_at, "%Y-%m") = \'2025-03\'')
 5 SYSTEMPATH\Database\BaseBuilder.php(1733): CodeIgniter\Database\BaseConnection->query('SELECT COUNT(*) AS "numrows"
FROM "users"
WHERE DATE_FORMAT(created_at, "%Y-%m") = :DATE_FORMAT(created_at, "%Y-%m"):', [...], false)
 6 SYSTEMPATH\Model.php(675): CodeIgniter\Database\BaseBuilder->countAllResults(true)
 7 APPPATH\Controllers\Role\Admin\Laporan.php(110): CodeIgniter\Model->countAllResults()
 8 APPPATH\Controllers\Role\Admin\Laporan.php(75): App\Controllers\Role\Admin\Laporan->getMonthlyStatistics(6)
 9 SYSTEMPATH\CodeIgniter.php(933): App\Controllers\Role\Admin\Laporan->index()
10 SYSTEMPATH\CodeIgniter.php(507): CodeIgniter\CodeIgniter->runController(Object(App\Controllers\Role\Admin\Laporan))
11 SYSTEMPATH\CodeIgniter.php(354): CodeIgniter\CodeIgniter->handleRequest(null, Object(Config\Cache), false)
12 SYSTEMPATH\Boot.php(363): CodeIgniter\CodeIgniter->run()
13 SYSTEMPATH\Boot.php(68): CodeIgniter\Boot::runCodeIgniter(Object(CodeIgniter\CodeIgniter))
14 FCPATH\index.php(59): CodeIgniter\Boot::bootWeb(Object(Config\Paths))
15 SYSTEMPATH\rewrite.php(44): require_once('C:\\laragon\\www\\SNIA_KP\\public\\index.php')
DEBUG - 2025-08-30 06:50:19 --> Session: Class initialized using 'CodeIgniter\Session\Handlers\FileHandler' driver.
DEBUG - 2025-08-30 06:50:22 --> Session: Class initialized using 'CodeIgniter\Session\Handlers\FileHandler' driver.
DEBUG - 2025-08-30 06:50:26 --> Session: Class initialized using 'CodeIgniter\Session\Handlers\FileHandler' driver.
DEBUG - 2025-08-30 06:50:33 --> Session: Class initialized using 'CodeIgniter\Session\Handlers\FileHandler' driver.
DEBUG - 2025-08-30 06:50:43 --> Session: Class initialized using 'CodeIgniter\Session\Handlers\FileHandler' driver.
DEBUG - 2025-08-30 06:50:51 --> Session: Class initialized using 'CodeIgniter\Session\Handlers\FileHandler' driver.
DEBUG - 2025-08-30 06:50:55 --> Session: Class initialized using 'CodeIgniter\Session\Handlers\FileHandler' driver.
DEBUG - 2025-08-30 06:50:57 --> Session: Class initialized using 'CodeIgniter\Session\Handlers\FileHandler' driver.
DEBUG - 2025-08-30 06:51:01 --> Session: Class initialized using 'CodeIgniter\Session\Handlers\FileHandler' driver.
DEBUG - 2025-08-30 06:51:04 --> Session: Class initialized using 'CodeIgniter\Session\Handlers\FileHandler' driver.
DEBUG - 2025-08-30 06:51:15 --> Session: Class initialized using 'CodeIgniter\Session\Handlers\FileHandler' driver.
DEBUG - 2025-08-30 06:51:17 --> Session: Class initialized using 'CodeIgniter\Session\Handlers\FileHandler' driver.
ERROR - 2025-08-30 06:51:17 --> ErrorException: pg_query(): Query failed: ERROR:  column &quot;%Y-%m&quot; does not exist
LINE 3: WHERE DATE_FORMAT(created_at, &quot;%Y-%m&quot;) = '2025-03'
                                      ^ in C:\laragon\www\SNIA_KP\system\Database\Postgre\Connection.php:206
Stack trace:
#0 [internal function]: CodeIgniter\Debug\Exceptions->errorHandler(2, 'pg_query(): Que...', 'C:\\laragon\\www\\...', 206)
#1 C:\laragon\www\SNIA_KP\system\Database\Postgre\Connection.php(206): pg_query(Object(PgSql\Connection), 'SELECT COUNT(*)...')
#2 C:\laragon\www\SNIA_KP\system\Database\BaseConnection.php(729): CodeIgniter\Database\Postgre\Connection->execute('SELECT COUNT(*)...')
#3 C:\laragon\www\SNIA_KP\system\Database\BaseConnection.php(646): CodeIgniter\Database\BaseConnection->simpleQuery('SELECT COUNT(*)...')
#4 C:\laragon\www\SNIA_KP\system\Database\BaseBuilder.php(1733): CodeIgniter\Database\BaseConnection->query('SELECT COUNT(*)...', Array, false)
#5 C:\laragon\www\SNIA_KP\system\Model.php(675): CodeIgniter\Database\BaseBuilder->countAllResults(true)
#6 C:\laragon\www\SNIA_KP\app\Controllers\Role\Admin\Laporan.php(110): CodeIgniter\Model->countAllResults()
#7 C:\laragon\www\SNIA_KP\app\Controllers\Role\Admin\Laporan.php(75): App\Controllers\Role\Admin\Laporan->getMonthlyStatistics(6)
#8 C:\laragon\www\SNIA_KP\system\CodeIgniter.php(933): App\Controllers\Role\Admin\Laporan->index()
#9 C:\laragon\www\SNIA_KP\system\CodeIgniter.php(507): CodeIgniter\CodeIgniter->runController(Object(App\Controllers\Role\Admin\Laporan))
#10 C:\laragon\www\SNIA_KP\system\CodeIgniter.php(354): CodeIgniter\CodeIgniter->handleRequest(NULL, Object(Config\Cache), false)
#11 C:\laragon\www\SNIA_KP\system\Boot.php(363): CodeIgniter\CodeIgniter->run()
#12 C:\laragon\www\SNIA_KP\system\Boot.php(68): CodeIgniter\Boot::runCodeIgniter(Object(CodeIgniter\CodeIgniter))
#13 C:\laragon\www\SNIA_KP\public\index.php(59): CodeIgniter\Boot::bootWeb(Object(Config\Paths))
#14 C:\laragon\www\SNIA_KP\system\rewrite.php(44): require_once('C:\\laragon\\www\\...')
#15 {main}
CRITICAL - 2025-08-30 06:51:17 --> CodeIgniter\Database\Exceptions\DatabaseException: pg_query(): Query failed: ERROR:  column &quot;%Y-%m&quot; does not exist
LINE 3: WHERE DATE_FORMAT(created_at, &quot;%Y-%m&quot;) = '2025-03'
                                      ^
[Method: GET, Route: admin/laporan]
in SYSTEMPATH\Database\BaseConnection.php on line 684.
 1 SYSTEMPATH\Database\BaseBuilder.php(1733): CodeIgniter\Database\BaseConnection->query('SELECT COUNT(*) AS "numrows"
FROM "users"
WHERE DATE_FORMAT(created_at, "%Y-%m") = :DATE_FORMAT(created_at, "%Y-%m"):', [...], false)
 2 SYSTEMPATH\Model.php(675): CodeIgniter\Database\BaseBuilder->countAllResults(true)
 3 APPPATH\Controllers\Role\Admin\Laporan.php(110): CodeIgniter\Model->countAllResults()
 4 APPPATH\Controllers\Role\Admin\Laporan.php(75): App\Controllers\Role\Admin\Laporan->getMonthlyStatistics(6)
 5 SYSTEMPATH\CodeIgniter.php(933): App\Controllers\Role\Admin\Laporan->index()
 6 SYSTEMPATH\CodeIgniter.php(507): CodeIgniter\CodeIgniter->runController(Object(App\Controllers\Role\Admin\Laporan))
 7 SYSTEMPATH\CodeIgniter.php(354): CodeIgniter\CodeIgniter->handleRequest(null, Object(Config\Cache), false)
 8 SYSTEMPATH\Boot.php(363): CodeIgniter\CodeIgniter->run()
 9 SYSTEMPATH\Boot.php(68): CodeIgniter\Boot::runCodeIgniter(Object(CodeIgniter\CodeIgniter))
10 FCPATH\index.php(59): CodeIgniter\Boot::bootWeb(Object(Config\Paths))
11 SYSTEMPATH\rewrite.php(44): require_once('C:\\laragon\\www\\SNIA_KP\\public\\index.php')
CRITICAL - 2025-08-30 06:51:17 --> [Caused by] CodeIgniter\Database\Exceptions\DatabaseException: pg_query(): Query failed: ERROR:  column &quot;%Y-%m&quot; does not exist
LINE 3: WHERE DATE_FORMAT(created_at, &quot;%Y-%m&quot;) = '2025-03'
                                      ^
in SYSTEMPATH\Database\Postgre\Connection.php on line 211.
 1 SYSTEMPATH\Database\BaseConnection.php(729): CodeIgniter\Database\Postgre\Connection->execute('SELECT COUNT(*) AS "numrows"
FROM "users"
WHERE DATE_FORMAT(created_at, "%Y-%m") = \'2025-03\'')
 2 SYSTEMPATH\Database\BaseConnection.php(646): CodeIgniter\Database\BaseConnection->simpleQuery('SELECT COUNT(*) AS "numrows"
FROM "users"
WHERE DATE_FORMAT(created_at, "%Y-%m") = \'2025-03\'')
 3 SYSTEMPATH\Database\BaseBuilder.php(1733): CodeIgniter\Database\BaseConnection->query('SELECT COUNT(*) AS "numrows"
FROM "users"
WHERE DATE_FORMAT(created_at, "%Y-%m") = :DATE_FORMAT(created_at, "%Y-%m"):', [...], false)
 4 SYSTEMPATH\Model.php(675): CodeIgniter\Database\BaseBuilder->countAllResults(true)
 5 APPPATH\Controllers\Role\Admin\Laporan.php(110): CodeIgniter\Model->countAllResults()
 6 APPPATH\Controllers\Role\Admin\Laporan.php(75): App\Controllers\Role\Admin\Laporan->getMonthlyStatistics(6)
 7 SYSTEMPATH\CodeIgniter.php(933): App\Controllers\Role\Admin\Laporan->index()
 8 SYSTEMPATH\CodeIgniter.php(507): CodeIgniter\CodeIgniter->runController(Object(App\Controllers\Role\Admin\Laporan))
 9 SYSTEMPATH\CodeIgniter.php(354): CodeIgniter\CodeIgniter->handleRequest(null, Object(Config\Cache), false)
10 SYSTEMPATH\Boot.php(363): CodeIgniter\CodeIgniter->run()
11 SYSTEMPATH\Boot.php(68): CodeIgniter\Boot::runCodeIgniter(Object(CodeIgniter\CodeIgniter))
12 FCPATH\index.php(59): CodeIgniter\Boot::bootWeb(Object(Config\Paths))
13 SYSTEMPATH\rewrite.php(44): require_once('C:\\laragon\\www\\SNIA_KP\\public\\index.php')
CRITICAL - 2025-08-30 06:51:17 --> [Caused by] ErrorException: pg_query(): Query failed: ERROR:  column &quot;%Y-%m&quot; does not exist
LINE 3: WHERE DATE_FORMAT(created_at, &quot;%Y-%m&quot;) = '2025-03'
                                      ^
in SYSTEMPATH\Database\Postgre\Connection.php on line 206.
 1 [internal function]: CodeIgniter\Debug\Exceptions->errorHandler(2, 'pg_query(): Query failed: ERROR:  column &quot;%Y-%m&quot; does not exist
LINE 3: WHERE DATE_FORMAT(created_at, &quot;%Y-%m&quot;) = \'2025-03\'
                                      ^', 'C:\\laragon\\www\\SNIA_KP\\system\\Database\\Postgre\\Connection.php', 206)
 2 SYSTEMPATH\Database\Postgre\Connection.php(206): pg_query(Object(PgSql\Connection), 'SELECT COUNT(*) AS "numrows"
FROM "users"
WHERE DATE_FORMAT(created_at, "%Y-%m") = \'2025-03\'')
 3 SYSTEMPATH\Database\BaseConnection.php(729): CodeIgniter\Database\Postgre\Connection->execute('SELECT COUNT(*) AS "numrows"
FROM "users"
WHERE DATE_FORMAT(created_at, "%Y-%m") = \'2025-03\'')
 4 SYSTEMPATH\Database\BaseConnection.php(646): CodeIgniter\Database\BaseConnection->simpleQuery('SELECT COUNT(*) AS "numrows"
FROM "users"
WHERE DATE_FORMAT(created_at, "%Y-%m") = \'2025-03\'')
 5 SYSTEMPATH\Database\BaseBuilder.php(1733): CodeIgniter\Database\BaseConnection->query('SELECT COUNT(*) AS "numrows"
FROM "users"
WHERE DATE_FORMAT(created_at, "%Y-%m") = :DATE_FORMAT(created_at, "%Y-%m"):', [...], false)
 6 SYSTEMPATH\Model.php(675): CodeIgniter\Database\BaseBuilder->countAllResults(true)
 7 APPPATH\Controllers\Role\Admin\Laporan.php(110): CodeIgniter\Model->countAllResults()
 8 APPPATH\Controllers\Role\Admin\Laporan.php(75): App\Controllers\Role\Admin\Laporan->getMonthlyStatistics(6)
 9 SYSTEMPATH\CodeIgniter.php(933): App\Controllers\Role\Admin\Laporan->index()
10 SYSTEMPATH\CodeIgniter.php(507): CodeIgniter\CodeIgniter->runController(Object(App\Controllers\Role\Admin\Laporan))
11 SYSTEMPATH\CodeIgniter.php(354): CodeIgniter\CodeIgniter->handleRequest(null, Object(Config\Cache), false)
12 SYSTEMPATH\Boot.php(363): CodeIgniter\CodeIgniter->run()
13 SYSTEMPATH\Boot.php(68): CodeIgniter\Boot::runCodeIgniter(Object(CodeIgniter\CodeIgniter))
14 FCPATH\index.php(59): CodeIgniter\Boot::bootWeb(Object(Config\Paths))
15 SYSTEMPATH\rewrite.php(44): require_once('C:\\laragon\\www\\SNIA_KP\\public\\index.php')
DEBUG - 2025-08-30 06:51:45 --> Session: Class initialized using 'CodeIgniter\Session\Handlers\FileHandler' driver.
ERROR - 2025-08-30 06:51:45 --> ErrorException: pg_query(): Query failed: ERROR:  column &quot;%Y-%m&quot; does not exist
LINE 3: WHERE DATE_FORMAT(created_at, &quot;%Y-%m&quot;) = '2025-03'
                                      ^ in C:\laragon\www\SNIA_KP\system\Database\Postgre\Connection.php:206
Stack trace:
#0 [internal function]: CodeIgniter\Debug\Exceptions->errorHandler(2, 'pg_query(): Que...', 'C:\\laragon\\www\\...', 206)
#1 C:\laragon\www\SNIA_KP\system\Database\Postgre\Connection.php(206): pg_query(Object(PgSql\Connection), 'SELECT COUNT(*)...')
#2 C:\laragon\www\SNIA_KP\system\Database\BaseConnection.php(729): CodeIgniter\Database\Postgre\Connection->execute('SELECT COUNT(*)...')
#3 C:\laragon\www\SNIA_KP\system\Database\BaseConnection.php(646): CodeIgniter\Database\BaseConnection->simpleQuery('SELECT COUNT(*)...')
#4 C:\laragon\www\SNIA_KP\system\Database\BaseBuilder.php(1733): CodeIgniter\Database\BaseConnection->query('SELECT COUNT(*)...', Array, false)
#5 C:\laragon\www\SNIA_KP\system\Model.php(675): CodeIgniter\Database\BaseBuilder->countAllResults(true)
#6 C:\laragon\www\SNIA_KP\app\Controllers\Role\Admin\Laporan.php(110): CodeIgniter\Model->countAllResults()
#7 C:\laragon\www\SNIA_KP\app\Controllers\Role\Admin\Laporan.php(75): App\Controllers\Role\Admin\Laporan->getMonthlyStatistics(6)
#8 C:\laragon\www\SNIA_KP\system\CodeIgniter.php(933): App\Controllers\Role\Admin\Laporan->index()
#9 C:\laragon\www\SNIA_KP\system\CodeIgniter.php(507): CodeIgniter\CodeIgniter->runController(Object(App\Controllers\Role\Admin\Laporan))
#10 C:\laragon\www\SNIA_KP\system\CodeIgniter.php(354): CodeIgniter\CodeIgniter->handleRequest(NULL, Object(Config\Cache), false)
#11 C:\laragon\www\SNIA_KP\system\Boot.php(363): CodeIgniter\CodeIgniter->run()
#12 C:\laragon\www\SNIA_KP\system\Boot.php(68): CodeIgniter\Boot::runCodeIgniter(Object(CodeIgniter\CodeIgniter))
#13 C:\laragon\www\SNIA_KP\public\index.php(59): CodeIgniter\Boot::bootWeb(Object(Config\Paths))
#14 C:\laragon\www\SNIA_KP\system\rewrite.php(44): require_once('C:\\laragon\\www\\...')
#15 {main}
CRITICAL - 2025-08-30 06:51:45 --> CodeIgniter\Database\Exceptions\DatabaseException: pg_query(): Query failed: ERROR:  column &quot;%Y-%m&quot; does not exist
LINE 3: WHERE DATE_FORMAT(created_at, &quot;%Y-%m&quot;) = '2025-03'
                                      ^
[Method: GET, Route: admin/laporan]
in SYSTEMPATH\Database\BaseConnection.php on line 684.
 1 SYSTEMPATH\Database\BaseBuilder.php(1733): CodeIgniter\Database\BaseConnection->query('SELECT COUNT(*) AS "numrows"
FROM "users"
WHERE DATE_FORMAT(created_at, "%Y-%m") = :DATE_FORMAT(created_at, "%Y-%m"):', [...], false)
 2 SYSTEMPATH\Model.php(675): CodeIgniter\Database\BaseBuilder->countAllResults(true)
 3 APPPATH\Controllers\Role\Admin\Laporan.php(110): CodeIgniter\Model->countAllResults()
 4 APPPATH\Controllers\Role\Admin\Laporan.php(75): App\Controllers\Role\Admin\Laporan->getMonthlyStatistics(6)
 5 SYSTEMPATH\CodeIgniter.php(933): App\Controllers\Role\Admin\Laporan->index()
 6 SYSTEMPATH\CodeIgniter.php(507): CodeIgniter\CodeIgniter->runController(Object(App\Controllers\Role\Admin\Laporan))
 7 SYSTEMPATH\CodeIgniter.php(354): CodeIgniter\CodeIgniter->handleRequest(null, Object(Config\Cache), false)
 8 SYSTEMPATH\Boot.php(363): CodeIgniter\CodeIgniter->run()
 9 SYSTEMPATH\Boot.php(68): CodeIgniter\Boot::runCodeIgniter(Object(CodeIgniter\CodeIgniter))
10 FCPATH\index.php(59): CodeIgniter\Boot::bootWeb(Object(Config\Paths))
11 SYSTEMPATH\rewrite.php(44): require_once('C:\\laragon\\www\\SNIA_KP\\public\\index.php')
CRITICAL - 2025-08-30 06:51:45 --> [Caused by] CodeIgniter\Database\Exceptions\DatabaseException: pg_query(): Query failed: ERROR:  column &quot;%Y-%m&quot; does not exist
LINE 3: WHERE DATE_FORMAT(created_at, &quot;%Y-%m&quot;) = '2025-03'
                                      ^
in SYSTEMPATH\Database\Postgre\Connection.php on line 211.
 1 SYSTEMPATH\Database\BaseConnection.php(729): CodeIgniter\Database\Postgre\Connection->execute('SELECT COUNT(*) AS "numrows"
FROM "users"
WHERE DATE_FORMAT(created_at, "%Y-%m") = \'2025-03\'')
 2 SYSTEMPATH\Database\BaseConnection.php(646): CodeIgniter\Database\BaseConnection->simpleQuery('SELECT COUNT(*) AS "numrows"
FROM "users"
WHERE DATE_FORMAT(created_at, "%Y-%m") = \'2025-03\'')
 3 SYSTEMPATH\Database\BaseBuilder.php(1733): CodeIgniter\Database\BaseConnection->query('SELECT COUNT(*) AS "numrows"
FROM "users"
WHERE DATE_FORMAT(created_at, "%Y-%m") = :DATE_FORMAT(created_at, "%Y-%m"):', [...], false)
 4 SYSTEMPATH\Model.php(675): CodeIgniter\Database\BaseBuilder->countAllResults(true)
 5 APPPATH\Controllers\Role\Admin\Laporan.php(110): CodeIgniter\Model->countAllResults()
 6 APPPATH\Controllers\Role\Admin\Laporan.php(75): App\Controllers\Role\Admin\Laporan->getMonthlyStatistics(6)
 7 SYSTEMPATH\CodeIgniter.php(933): App\Controllers\Role\Admin\Laporan->index()
 8 SYSTEMPATH\CodeIgniter.php(507): CodeIgniter\CodeIgniter->runController(Object(App\Controllers\Role\Admin\Laporan))
 9 SYSTEMPATH\CodeIgniter.php(354): CodeIgniter\CodeIgniter->handleRequest(null, Object(Config\Cache), false)
10 SYSTEMPATH\Boot.php(363): CodeIgniter\CodeIgniter->run()
11 SYSTEMPATH\Boot.php(68): CodeIgniter\Boot::runCodeIgniter(Object(CodeIgniter\CodeIgniter))
12 FCPATH\index.php(59): CodeIgniter\Boot::bootWeb(Object(Config\Paths))
13 SYSTEMPATH\rewrite.php(44): require_once('C:\\laragon\\www\\SNIA_KP\\public\\index.php')
CRITICAL - 2025-08-30 06:51:45 --> [Caused by] ErrorException: pg_query(): Query failed: ERROR:  column &quot;%Y-%m&quot; does not exist
LINE 3: WHERE DATE_FORMAT(created_at, &quot;%Y-%m&quot;) = '2025-03'
                                      ^
in SYSTEMPATH\Database\Postgre\Connection.php on line 206.
 1 [internal function]: CodeIgniter\Debug\Exceptions->errorHandler(2, 'pg_query(): Query failed: ERROR:  column &quot;%Y-%m&quot; does not exist
LINE 3: WHERE DATE_FORMAT(created_at, &quot;%Y-%m&quot;) = \'2025-03\'
                                      ^', 'C:\\laragon\\www\\SNIA_KP\\system\\Database\\Postgre\\Connection.php', 206)
 2 SYSTEMPATH\Database\Postgre\Connection.php(206): pg_query(Object(PgSql\Connection), 'SELECT COUNT(*) AS "numrows"
FROM "users"
WHERE DATE_FORMAT(created_at, "%Y-%m") = \'2025-03\'')
 3 SYSTEMPATH\Database\BaseConnection.php(729): CodeIgniter\Database\Postgre\Connection->execute('SELECT COUNT(*) AS "numrows"
FROM "users"
WHERE DATE_FORMAT(created_at, "%Y-%m") = \'2025-03\'')
 4 SYSTEMPATH\Database\BaseConnection.php(646): CodeIgniter\Database\BaseConnection->simpleQuery('SELECT COUNT(*) AS "numrows"
FROM "users"
WHERE DATE_FORMAT(created_at, "%Y-%m") = \'2025-03\'')
 5 SYSTEMPATH\Database\BaseBuilder.php(1733): CodeIgniter\Database\BaseConnection->query('SELECT COUNT(*) AS "numrows"
FROM "users"
WHERE DATE_FORMAT(created_at, "%Y-%m") = :DATE_FORMAT(created_at, "%Y-%m"):', [...], false)
 6 SYSTEMPATH\Model.php(675): CodeIgniter\Database\BaseBuilder->countAllResults(true)
 7 APPPATH\Controllers\Role\Admin\Laporan.php(110): CodeIgniter\Model->countAllResults()
 8 APPPATH\Controllers\Role\Admin\Laporan.php(75): App\Controllers\Role\Admin\Laporan->getMonthlyStatistics(6)
 9 SYSTEMPATH\CodeIgniter.php(933): App\Controllers\Role\Admin\Laporan->index()
10 SYSTEMPATH\CodeIgniter.php(507): CodeIgniter\CodeIgniter->runController(Object(App\Controllers\Role\Admin\Laporan))
11 SYSTEMPATH\CodeIgniter.php(354): CodeIgniter\CodeIgniter->handleRequest(null, Object(Config\Cache), false)
12 SYSTEMPATH\Boot.php(363): CodeIgniter\CodeIgniter->run()
13 SYSTEMPATH\Boot.php(68): CodeIgniter\Boot::runCodeIgniter(Object(CodeIgniter\CodeIgniter))
14 FCPATH\index.php(59): CodeIgniter\Boot::bootWeb(Object(Config\Paths))
15 SYSTEMPATH\rewrite.php(44): require_once('C:\\laragon\\www\\SNIA_KP\\public\\index.php')
DEBUG - 2025-08-30 06:51:47 --> Session: Class initialized using 'CodeIgniter\Session\Handlers\FileHandler' driver.
ERROR - 2025-08-30 06:51:47 --> ErrorException: pg_query(): Query failed: ERROR:  column &quot;%Y-%m&quot; does not exist
LINE 3: WHERE DATE_FORMAT(created_at, &quot;%Y-%m&quot;) = '2025-03'
                                      ^ in C:\laragon\www\SNIA_KP\system\Database\Postgre\Connection.php:206
Stack trace:
#0 [internal function]: CodeIgniter\Debug\Exceptions->errorHandler(2, 'pg_query(): Que...', 'C:\\laragon\\www\\...', 206)
#1 C:\laragon\www\SNIA_KP\system\Database\Postgre\Connection.php(206): pg_query(Object(PgSql\Connection), 'SELECT COUNT(*)...')
#2 C:\laragon\www\SNIA_KP\system\Database\BaseConnection.php(729): CodeIgniter\Database\Postgre\Connection->execute('SELECT COUNT(*)...')
#3 C:\laragon\www\SNIA_KP\system\Database\BaseConnection.php(646): CodeIgniter\Database\BaseConnection->simpleQuery('SELECT COUNT(*)...')
#4 C:\laragon\www\SNIA_KP\system\Database\BaseBuilder.php(1733): CodeIgniter\Database\BaseConnection->query('SELECT COUNT(*)...', Array, false)
#5 C:\laragon\www\SNIA_KP\system\Model.php(675): CodeIgniter\Database\BaseBuilder->countAllResults(true)
#6 C:\laragon\www\SNIA_KP\app\Controllers\Role\Admin\Laporan.php(110): CodeIgniter\Model->countAllResults()
#7 C:\laragon\www\SNIA_KP\app\Controllers\Role\Admin\Laporan.php(75): App\Controllers\Role\Admin\Laporan->getMonthlyStatistics(6)
#8 C:\laragon\www\SNIA_KP\system\CodeIgniter.php(933): App\Controllers\Role\Admin\Laporan->index()
#9 C:\laragon\www\SNIA_KP\system\CodeIgniter.php(507): CodeIgniter\CodeIgniter->runController(Object(App\Controllers\Role\Admin\Laporan))
#10 C:\laragon\www\SNIA_KP\system\CodeIgniter.php(354): CodeIgniter\CodeIgniter->handleRequest(NULL, Object(Config\Cache), false)
#11 C:\laragon\www\SNIA_KP\system\Boot.php(363): CodeIgniter\CodeIgniter->run()
#12 C:\laragon\www\SNIA_KP\system\Boot.php(68): CodeIgniter\Boot::runCodeIgniter(Object(CodeIgniter\CodeIgniter))
#13 C:\laragon\www\SNIA_KP\public\index.php(59): CodeIgniter\Boot::bootWeb(Object(Config\Paths))
#14 C:\laragon\www\SNIA_KP\system\rewrite.php(44): require_once('C:\\laragon\\www\\...')
#15 {main}
CRITICAL - 2025-08-30 06:51:47 --> CodeIgniter\Database\Exceptions\DatabaseException: pg_query(): Query failed: ERROR:  column &quot;%Y-%m&quot; does not exist
LINE 3: WHERE DATE_FORMAT(created_at, &quot;%Y-%m&quot;) = '2025-03'
                                      ^
[Method: GET, Route: admin/laporan]
in SYSTEMPATH\Database\BaseConnection.php on line 684.
 1 SYSTEMPATH\Database\BaseBuilder.php(1733): CodeIgniter\Database\BaseConnection->query('SELECT COUNT(*) AS "numrows"
FROM "users"
WHERE DATE_FORMAT(created_at, "%Y-%m") = :DATE_FORMAT(created_at, "%Y-%m"):', [...], false)
 2 SYSTEMPATH\Model.php(675): CodeIgniter\Database\BaseBuilder->countAllResults(true)
 3 APPPATH\Controllers\Role\Admin\Laporan.php(110): CodeIgniter\Model->countAllResults()
 4 APPPATH\Controllers\Role\Admin\Laporan.php(75): App\Controllers\Role\Admin\Laporan->getMonthlyStatistics(6)
 5 SYSTEMPATH\CodeIgniter.php(933): App\Controllers\Role\Admin\Laporan->index()
 6 SYSTEMPATH\CodeIgniter.php(507): CodeIgniter\CodeIgniter->runController(Object(App\Controllers\Role\Admin\Laporan))
 7 SYSTEMPATH\CodeIgniter.php(354): CodeIgniter\CodeIgniter->handleRequest(null, Object(Config\Cache), false)
 8 SYSTEMPATH\Boot.php(363): CodeIgniter\CodeIgniter->run()
 9 SYSTEMPATH\Boot.php(68): CodeIgniter\Boot::runCodeIgniter(Object(CodeIgniter\CodeIgniter))
10 FCPATH\index.php(59): CodeIgniter\Boot::bootWeb(Object(Config\Paths))
11 SYSTEMPATH\rewrite.php(44): require_once('C:\\laragon\\www\\SNIA_KP\\public\\index.php')
CRITICAL - 2025-08-30 06:51:47 --> [Caused by] CodeIgniter\Database\Exceptions\DatabaseException: pg_query(): Query failed: ERROR:  column &quot;%Y-%m&quot; does not exist
LINE 3: WHERE DATE_FORMAT(created_at, &quot;%Y-%m&quot;) = '2025-03'
                                      ^
in SYSTEMPATH\Database\Postgre\Connection.php on line 211.
 1 SYSTEMPATH\Database\BaseConnection.php(729): CodeIgniter\Database\Postgre\Connection->execute('SELECT COUNT(*) AS "numrows"
FROM "users"
WHERE DATE_FORMAT(created_at, "%Y-%m") = \'2025-03\'')
 2 SYSTEMPATH\Database\BaseConnection.php(646): CodeIgniter\Database\BaseConnection->simpleQuery('SELECT COUNT(*) AS "numrows"
FROM "users"
WHERE DATE_FORMAT(created_at, "%Y-%m") = \'2025-03\'')
 3 SYSTEMPATH\Database\BaseBuilder.php(1733): CodeIgniter\Database\BaseConnection->query('SELECT COUNT(*) AS "numrows"
FROM "users"
WHERE DATE_FORMAT(created_at, "%Y-%m") = :DATE_FORMAT(created_at, "%Y-%m"):', [...], false)
 4 SYSTEMPATH\Model.php(675): CodeIgniter\Database\BaseBuilder->countAllResults(true)
 5 APPPATH\Controllers\Role\Admin\Laporan.php(110): CodeIgniter\Model->countAllResults()
 6 APPPATH\Controllers\Role\Admin\Laporan.php(75): App\Controllers\Role\Admin\Laporan->getMonthlyStatistics(6)
 7 SYSTEMPATH\CodeIgniter.php(933): App\Controllers\Role\Admin\Laporan->index()
 8 SYSTEMPATH\CodeIgniter.php(507): CodeIgniter\CodeIgniter->runController(Object(App\Controllers\Role\Admin\Laporan))
 9 SYSTEMPATH\CodeIgniter.php(354): CodeIgniter\CodeIgniter->handleRequest(null, Object(Config\Cache), false)
10 SYSTEMPATH\Boot.php(363): CodeIgniter\CodeIgniter->run()
11 SYSTEMPATH\Boot.php(68): CodeIgniter\Boot::runCodeIgniter(Object(CodeIgniter\CodeIgniter))
12 FCPATH\index.php(59): CodeIgniter\Boot::bootWeb(Object(Config\Paths))
13 SYSTEMPATH\rewrite.php(44): require_once('C:\\laragon\\www\\SNIA_KP\\public\\index.php')
CRITICAL - 2025-08-30 06:51:47 --> [Caused by] ErrorException: pg_query(): Query failed: ERROR:  column &quot;%Y-%m&quot; does not exist
LINE 3: WHERE DATE_FORMAT(created_at, &quot;%Y-%m&quot;) = '2025-03'
                                      ^
in SYSTEMPATH\Database\Postgre\Connection.php on line 206.
 1 [internal function]: CodeIgniter\Debug\Exceptions->errorHandler(2, 'pg_query(): Query failed: ERROR:  column &quot;%Y-%m&quot; does not exist
LINE 3: WHERE DATE_FORMAT(created_at, &quot;%Y-%m&quot;) = \'2025-03\'
                                      ^', 'C:\\laragon\\www\\SNIA_KP\\system\\Database\\Postgre\\Connection.php', 206)
 2 SYSTEMPATH\Database\Postgre\Connection.php(206): pg_query(Object(PgSql\Connection), 'SELECT COUNT(*) AS "numrows"
FROM "users"
WHERE DATE_FORMAT(created_at, "%Y-%m") = \'2025-03\'')
 3 SYSTEMPATH\Database\BaseConnection.php(729): CodeIgniter\Database\Postgre\Connection->execute('SELECT COUNT(*) AS "numrows"
FROM "users"
WHERE DATE_FORMAT(created_at, "%Y-%m") = \'2025-03\'')
 4 SYSTEMPATH\Database\BaseConnection.php(646): CodeIgniter\Database\BaseConnection->simpleQuery('SELECT COUNT(*) AS "numrows"
FROM "users"
WHERE DATE_FORMAT(created_at, "%Y-%m") = \'2025-03\'')
 5 SYSTEMPATH\Database\BaseBuilder.php(1733): CodeIgniter\Database\BaseConnection->query('SELECT COUNT(*) AS "numrows"
FROM "users"
WHERE DATE_FORMAT(created_at, "%Y-%m") = :DATE_FORMAT(created_at, "%Y-%m"):', [...], false)
 6 SYSTEMPATH\Model.php(675): CodeIgniter\Database\BaseBuilder->countAllResults(true)
 7 APPPATH\Controllers\Role\Admin\Laporan.php(110): CodeIgniter\Model->countAllResults()
 8 APPPATH\Controllers\Role\Admin\Laporan.php(75): App\Controllers\Role\Admin\Laporan->getMonthlyStatistics(6)
 9 SYSTEMPATH\CodeIgniter.php(933): App\Controllers\Role\Admin\Laporan->index()
10 SYSTEMPATH\CodeIgniter.php(507): CodeIgniter\CodeIgniter->runController(Object(App\Controllers\Role\Admin\Laporan))
11 SYSTEMPATH\CodeIgniter.php(354): CodeIgniter\CodeIgniter->handleRequest(null, Object(Config\Cache), false)
12 SYSTEMPATH\Boot.php(363): CodeIgniter\CodeIgniter->run()
13 SYSTEMPATH\Boot.php(68): CodeIgniter\Boot::runCodeIgniter(Object(CodeIgniter\CodeIgniter))
14 FCPATH\index.php(59): CodeIgniter\Boot::bootWeb(Object(Config\Paths))
15 SYSTEMPATH\rewrite.php(44): require_once('C:\\laragon\\www\\SNIA_KP\\public\\index.php')
DEBUG - 2025-08-30 06:58:59 --> Session: Class initialized using 'CodeIgniter\Session\Handlers\FileHandler' driver.
DEBUG - 2025-08-30 07:00:27 --> Session: Class initialized using 'CodeIgniter\Session\Handlers\FileHandler' driver.
DEBUG - 2025-08-30 07:00:29 --> Session: Class initialized using 'CodeIgniter\Session\Handlers\FileHandler' driver.
DEBUG - 2025-08-30 07:04:07 --> Session: Class initialized using 'CodeIgniter\Session\Handlers\FileHandler' driver.
DEBUG - 2025-08-30 07:23:51 --> Session: Class initialized using 'CodeIgniter\Session\Handlers\FileHandler' driver.
DEBUG - 2025-08-30 07:23:52 --> Session: Class initialized using 'CodeIgniter\Session\Handlers\FileHandler' driver.
DEBUG - 2025-08-30 07:29:05 --> Session: Class initialized using 'CodeIgniter\Session\Handlers\FileHandler' driver.
DEBUG - 2025-08-30 07:30:10 --> Session: Class initialized using 'CodeIgniter\Session\Handlers\FileHandler' driver.
DEBUG - 2025-08-30 07:30:13 --> Session: Class initialized using 'CodeIgniter\Session\Handlers\FileHandler' driver.
DEBUG - 2025-08-30 07:30:16 --> Session: Class initialized using 'CodeIgniter\Session\Handlers\FileHandler' driver.
DEBUG - 2025-08-30 07:30:20 --> Session: Class initialized using 'CodeIgniter\Session\Handlers\FileHandler' driver.
DEBUG - 2025-08-30 07:30:33 --> Session: Class initialized using 'CodeIgniter\Session\Handlers\FileHandler' driver.
DEBUG - 2025-08-30 07:30:35 --> Session: Class initialized using 'CodeIgniter\Session\Handlers\FileHandler' driver.
DEBUG - 2025-08-30 07:30:37 --> Session: Class initialized using 'CodeIgniter\Session\Handlers\FileHandler' driver.
DEBUG - 2025-08-30 07:30:42 --> Session: Class initialized using 'CodeIgniter\Session\Handlers\FileHandler' driver.
DEBUG - 2025-08-30 07:30:44 --> Session: Class initialized using 'CodeIgniter\Session\Handlers\FileHandler' driver.
DEBUG - 2025-08-30 07:30:46 --> Session: Class initialized using 'CodeIgniter\Session\Handlers\FileHandler' driver.
DEBUG - 2025-08-30 07:30:58 --> Session: Class initialized using 'CodeIgniter\Session\Handlers\FileHandler' driver.
DEBUG - 2025-08-30 07:31:01 --> Session: Class initialized using 'CodeIgniter\Session\Handlers\FileHandler' driver.
DEBUG - 2025-08-30 07:36:30 --> Session: Class initialized using 'CodeIgniter\Session\Handlers\FileHandler' driver.
DEBUG - 2025-08-30 07:36:33 --> Session: Class initialized using 'CodeIgniter\Session\Handlers\FileHandler' driver.
DEBUG - 2025-08-30 07:36:34 --> Session: Class initialized using 'CodeIgniter\Session\Handlers\FileHandler' driver.
DEBUG - 2025-08-30 07:37:50 --> Session: Class initialized using 'CodeIgniter\Session\Handlers\FileHandler' driver.
DEBUG - 2025-08-30 07:38:04 --> Session: Class initialized using 'CodeIgniter\Session\Handlers\FileHandler' driver.
DEBUG - 2025-08-30 07:38:09 --> Session: Class initialized using 'CodeIgniter\Session\Handlers\FileHandler' driver.
DEBUG - 2025-08-30 07:38:12 --> Session: Class initialized using 'CodeIgniter\Session\Handlers\FileHandler' driver.
DEBUG - 2025-08-30 07:38:48 --> Session: Class initialized using 'CodeIgniter\Session\Handlers\FileHandler' driver.
DEBUG - 2025-08-30 07:38:49 --> Session: Class initialized using 'CodeIgniter\Session\Handlers\FileHandler' driver.
DEBUG - 2025-08-30 07:38:52 --> Session: Class initialized using 'CodeIgniter\Session\Handlers\FileHandler' driver.
DEBUG - 2025-08-30 07:38:54 --> Session: Class initialized using 'CodeIgniter\Session\Handlers\FileHandler' driver.
DEBUG - 2025-08-30 07:38:56 --> Session: Class initialized using 'CodeIgniter\Session\Handlers\FileHandler' driver.
DEBUG - 2025-08-30 07:38:58 --> Session: Class initialized using 'CodeIgniter\Session\Handlers\FileHandler' driver.
DEBUG - 2025-08-30 07:38:59 --> Session: Class initialized using 'CodeIgniter\Session\Handlers\FileHandler' driver.
DEBUG - 2025-08-30 07:39:04 --> Session: Class initialized using 'CodeIgniter\Session\Handlers\FileHandler' driver.
DEBUG - 2025-08-30 07:39:04 --> Session: Class initialized using 'CodeIgniter\Session\Handlers\FileHandler' driver.
DEBUG - 2025-08-30 07:39:05 --> Session: Class initialized using 'CodeIgniter\Session\Handlers\FileHandler' driver.
DEBUG - 2025-08-30 07:55:03 --> Session: Class initialized using 'CodeIgniter\Session\Handlers\FileHandler' driver.
DEBUG - 2025-08-30 07:55:08 --> Session: Class initialized using 'CodeIgniter\Session\Handlers\FileHandler' driver.
DEBUG - 2025-08-30 07:55:10 --> Session: Class initialized using 'CodeIgniter\Session\Handlers\FileHandler' driver.
DEBUG - 2025-08-30 07:55:17 --> Session: Class initialized using 'CodeIgniter\Session\Handlers\FileHandler' driver.
DEBUG - 2025-08-30 07:55:20 --> Session: Class initialized using 'CodeIgniter\Session\Handlers\FileHandler' driver.
DEBUG - 2025-08-30 07:55:21 --> Session: Class initialized using 'CodeIgniter\Session\Handlers\FileHandler' driver.
DEBUG - 2025-08-30 09:04:18 --> Session: Class initialized using 'CodeIgniter\Session\Handlers\FileHandler' driver.
DEBUG - 2025-08-30 09:20:32 --> Session: Class initialized using 'CodeIgniter\Session\Handlers\FileHandler' driver.
DEBUG - 2025-08-30 09:24:11 --> Session: Class initialized using 'CodeIgniter\Session\Handlers\FileHandler' driver.
DEBUG - 2025-08-30 09:24:13 --> Session: Class initialized using 'CodeIgniter\Session\Handlers\FileHandler' driver.
DEBUG - 2025-08-30 09:24:47 --> Session: Class initialized using 'CodeIgniter\Session\Handlers\FileHandler' driver.
DEBUG - 2025-08-30 09:26:25 --> Session: Class initialized using 'CodeIgniter\Session\Handlers\FileHandler' driver.
DEBUG - 2025-08-30 09:26:27 --> Session: Class initialized using 'CodeIgniter\Session\Handlers\FileHandler' driver.
DEBUG - 2025-08-30 09:26:29 --> Session: Class initialized using 'CodeIgniter\Session\Handlers\FileHandler' driver.
DEBUG - 2025-08-30 09:26:31 --> Session: Class initialized using 'CodeIgniter\Session\Handlers\FileHandler' driver.
DEBUG - 2025-08-30 09:26:34 --> Session: Class initialized using 'CodeIgniter\Session\Handlers\FileHandler' driver.
DEBUG - 2025-08-30 09:26:36 --> Session: Class initialized using 'CodeIgniter\Session\Handlers\FileHandler' driver.
DEBUG - 2025-08-30 09:26:38 --> Session: Class initialized using 'CodeIgniter\Session\Handlers\FileHandler' driver.
DEBUG - 2025-08-30 09:31:14 --> Session: Class initialized using 'CodeIgniter\Session\Handlers\FileHandler' driver.
DEBUG - 2025-08-30 09:31:16 --> Session: Class initialized using 'CodeIgniter\Session\Handlers\FileHandler' driver.
CRITICAL - 2025-08-30 09:31:16 --> ErrorException: Undefined variable $title
[Method: GET, Route: admin/abstrak]
in APPPATH\Views\role\admin\abstrak\index.php on line 6.
 1 APPPATH\Views\role\admin\abstrak\index.php(6): CodeIgniter\Debug\Exceptions->errorHandler(2, 'Undefined variable $title', 'C:\\laragon\\www\\SNIA_KP\\app\\Views\\role\\admin\\abstrak\\index.php', 6)
 2 SYSTEMPATH\View\View.php(226): include('C:\\laragon\\www\\SNIA_KP\\app\\Views\\role\\admin\\abstrak\\index.php')
 3 SYSTEMPATH\View\View.php(229): CodeIgniter\View\View->CodeIgniter\View\{closure}()
 4 SYSTEMPATH\Common.php(1167): CodeIgniter\View\View->render('role/admin/abstrak/index', [], true)
 5 APPPATH\Controllers\Role\Admin\Abstrak.php(50): view('role/admin/abstrak/index', [...])
 6 SYSTEMPATH\CodeIgniter.php(933): App\Controllers\Role\Admin\Abstrak->index()
 7 SYSTEMPATH\CodeIgniter.php(507): CodeIgniter\CodeIgniter->runController(Object(App\Controllers\Role\Admin\Abstrak))
 8 SYSTEMPATH\CodeIgniter.php(354): CodeIgniter\CodeIgniter->handleRequest(null, Object(Config\Cache), false)
 9 SYSTEMPATH\Boot.php(363): CodeIgniter\CodeIgniter->run()
10 SYSTEMPATH\Boot.php(68): CodeIgniter\Boot::runCodeIgniter(Object(CodeIgniter\CodeIgniter))
11 FCPATH\index.php(59): CodeIgniter\Boot::bootWeb(Object(Config\Paths))
12 SYSTEMPATH\rewrite.php(44): require_once('C:\\laragon\\www\\SNIA_KP\\public\\index.php')
DEBUG - 2025-08-30 09:35:31 --> Session: Class initialized using 'CodeIgniter\Session\Handlers\FileHandler' driver.
DEBUG - 2025-08-30 09:52:35 --> Session: Class initialized using 'CodeIgniter\Session\Handlers\FileHandler' driver.
DEBUG - 2025-08-30 09:52:38 --> Session: Class initialized using 'CodeIgniter\Session\Handlers\FileHandler' driver.
DEBUG - 2025-08-30 09:52:43 --> Session: Class initialized using 'CodeIgniter\Session\Handlers\FileHandler' driver.
DEBUG - 2025-08-30 09:52:45 --> Session: Class initialized using 'CodeIgniter\Session\Handlers\FileHandler' driver.
DEBUG - 2025-08-30 09:52:46 --> Session: Class initialized using 'CodeIgniter\Session\Handlers\FileHandler' driver.
DEBUG - 2025-08-30 09:52:58 --> Session: Class initialized using 'CodeIgniter\Session\Handlers\FileHandler' driver.
DEBUG - 2025-08-30 10:05:41 --> Session: Class initialized using 'CodeIgniter\Session\Handlers\FileHandler' driver.
DEBUG - 2025-08-30 10:05:44 --> Session: Class initialized using 'CodeIgniter\Session\Handlers\FileHandler' driver.
DEBUG - 2025-08-30 10:05:48 --> Session: Class initialized using 'CodeIgniter\Session\Handlers\FileHandler' driver.
DEBUG - 2025-08-30 10:08:17 --> Session: Class initialized using 'CodeIgniter\Session\Handlers\FileHandler' driver.
DEBUG - 2025-08-30 10:08:28 --> Session: Class initialized using 'CodeIgniter\Session\Handlers\FileHandler' driver.
DEBUG - 2025-08-30 10:08:29 --> Session: Class initialized using 'CodeIgniter\Session\Handlers\FileHandler' driver.
DEBUG - 2025-08-30 10:08:32 --> Session: Class initialized using 'CodeIgniter\Session\Handlers\FileHandler' driver.
DEBUG - 2025-08-30 10:08:36 --> Session: Class initialized using 'CodeIgniter\Session\Handlers\FileHandler' driver.
DEBUG - 2025-08-30 10:08:39 --> Session: Class initialized using 'CodeIgniter\Session\Handlers\FileHandler' driver.
DEBUG - 2025-08-30 10:08:42 --> Session: Class initialized using 'CodeIgniter\Session\Handlers\FileHandler' driver.
DEBUG - 2025-08-30 10:09:34 --> Session: Class initialized using 'CodeIgniter\Session\Handlers\FileHandler' driver.
DEBUG - 2025-08-30 10:11:53 --> Session: Class initialized using 'CodeIgniter\Session\Handlers\FileHandler' driver.
DEBUG - 2025-08-30 10:16:25 --> Session: Class initialized using 'CodeIgniter\Session\Handlers\FileHandler' driver.
DEBUG - 2025-08-30 10:16:26 --> Session: Class initialized using 'CodeIgniter\Session\Handlers\FileHandler' driver.
DEBUG - 2025-08-30 10:17:45 --> Session: Class initialized using 'CodeIgniter\Session\Handlers\FileHandler' driver.
DEBUG - 2025-08-30 10:17:47 --> Session: Class initialized using 'CodeIgniter\Session\Handlers\FileHandler' driver.
DEBUG - 2025-08-30 10:18:28 --> Session: Class initialized using 'CodeIgniter\Session\Handlers\FileHandler' driver.
DEBUG - 2025-08-30 10:18:28 --> Session: Class initialized using 'CodeIgniter\Session\Handlers\FileHandler' driver.
DEBUG - 2025-08-30 10:21:57 --> Session: Class initialized using 'CodeIgniter\Session\Handlers\FileHandler' driver.
DEBUG - 2025-08-30 10:22:44 --> Session: Class initialized using 'CodeIgniter\Session\Handlers\FileHandler' driver.
DEBUG - 2025-08-30 10:22:54 --> Session: Class initialized using 'CodeIgniter\Session\Handlers\FileHandler' driver.
DEBUG - 2025-08-30 10:22:58 --> Session: Class initialized using 'CodeIgniter\Session\Handlers\FileHandler' driver.
DEBUG - 2025-08-30 10:23:00 --> Session: Class initialized using 'CodeIgniter\Session\Handlers\FileHandler' driver.
DEBUG - 2025-08-30 10:23:01 --> Session: Class initialized using 'CodeIgniter\Session\Handlers\FileHandler' driver.
DEBUG - 2025-08-30 10:23:03 --> Session: Class initialized using 'CodeIgniter\Session\Handlers\FileHandler' driver.
DEBUG - 2025-08-30 10:23:45 --> Session: Class initialized using 'CodeIgniter\Session\Handlers\FileHandler' driver.
DEBUG - 2025-08-30 10:23:50 --> Session: Class initialized using 'CodeIgniter\Session\Handlers\FileHandler' driver.
DEBUG - 2025-08-30 10:23:56 --> Session: Class initialized using 'CodeIgniter\Session\Handlers\FileHandler' driver.
DEBUG - 2025-08-30 10:25:15 --> Session: Class initialized using 'CodeIgniter\Session\Handlers\FileHandler' driver.
DEBUG - 2025-08-30 10:25:34 --> Session: Class initialized using 'CodeIgniter\Session\Handlers\FileHandler' driver.
DEBUG - 2025-08-30 10:25:44 --> Session: Class initialized using 'CodeIgniter\Session\Handlers\FileHandler' driver.
DEBUG - 2025-08-30 10:25:44 --> Session: Class initialized using 'CodeIgniter\Session\Handlers\FileHandler' driver.
DEBUG - 2025-08-30 10:25:44 --> Session: Class initialized using 'CodeIgniter\Session\Handlers\FileHandler' driver.
DEBUG - 2025-08-30 10:25:47 --> Session: Class initialized using 'CodeIgniter\Session\Handlers\FileHandler' driver.
DEBUG - 2025-08-30 10:26:19 --> Session: Class initialized using 'CodeIgniter\Session\Handlers\FileHandler' driver.
DEBUG - 2025-08-30 10:26:21 --> Session: Class initialized using 'CodeIgniter\Session\Handlers\FileHandler' driver.
DEBUG - 2025-08-30 10:26:23 --> Session: Class initialized using 'CodeIgniter\Session\Handlers\FileHandler' driver.
DEBUG - 2025-08-30 10:26:25 --> Session: Class initialized using 'CodeIgniter\Session\Handlers\FileHandler' driver.
DEBUG - 2025-08-30 10:26:27 --> Session: Class initialized using 'CodeIgniter\Session\Handlers\FileHandler' driver.
DEBUG - 2025-08-30 10:26:29 --> Session: Class initialized using 'CodeIgniter\Session\Handlers\FileHandler' driver.
DEBUG - 2025-08-30 10:26:30 --> Session: Class initialized using 'CodeIgniter\Session\Handlers\FileHandler' driver.
DEBUG - 2025-08-30 10:26:31 --> Session: Class initialized using 'CodeIgniter\Session\Handlers\FileHandler' driver.
DEBUG - 2025-08-30 10:26:34 --> Session: Class initialized using 'CodeIgniter\Session\Handlers\FileHandler' driver.
DEBUG - 2025-08-30 10:26:36 --> Session: Class initialized using 'CodeIgniter\Session\Handlers\FileHandler' driver.
DEBUG - 2025-08-30 10:26:41 --> Session: Class initialized using 'CodeIgniter\Session\Handlers\FileHandler' driver.
DEBUG - 2025-08-30 10:26:46 --> Session: Class initialized using 'CodeIgniter\Session\Handlers\FileHandler' driver.
DEBUG - 2025-08-30 10:26:48 --> Session: Class initialized using 'CodeIgniter\Session\Handlers\FileHandler' driver.
DEBUG - 2025-08-30 10:26:50 --> Session: Class initialized using 'CodeIgniter\Session\Handlers\FileHandler' driver.
DEBUG - 2025-08-30 10:26:53 --> Session: Class initialized using 'CodeIgniter\Session\Handlers\FileHandler' driver.
DEBUG - 2025-08-30 10:27:07 --> Session: Class initialized using 'CodeIgniter\Session\Handlers\FileHandler' driver.
DEBUG - 2025-08-30 10:27:29 --> Session: Class initialized using 'CodeIgniter\Session\Handlers\FileHandler' driver.
DEBUG - 2025-08-30 10:27:34 --> Session: Class initialized using 'CodeIgniter\Session\Handlers\FileHandler' driver.
DEBUG - 2025-08-30 10:27:44 --> Session: Class initialized using 'CodeIgniter\Session\Handlers\FileHandler' driver.
DEBUG - 2025-08-30 10:32:58 --> Session: Class initialized using 'CodeIgniter\Session\Handlers\FileHandler' driver.
DEBUG - 2025-08-30 10:33:00 --> Session: Class initialized using 'CodeIgniter\Session\Handlers\FileHandler' driver.
DEBUG - 2025-08-30 10:33:02 --> Session: Class initialized using 'CodeIgniter\Session\Handlers\FileHandler' driver.
DEBUG - 2025-08-30 10:33:06 --> Session: Class initialized using 'CodeIgniter\Session\Handlers\FileHandler' driver.
DEBUG - 2025-08-30 10:33:09 --> Session: Class initialized using 'CodeIgniter\Session\Handlers\FileHandler' driver.
