ERROR - 2025-08-29 14:33:43 --> Error connecting to the database: ErrorException: pg_connect(): Unable to connect to PostgreSQL server: connection to server at "localhost" (::1), port 5432 failed: FATAL:  password authentication failed for user "root" in C:\laragon\www\SNIA KP\system\Database\Postgre\Connection.php:78
Stack trace:
#0 [internal function]: CodeIgniter\Debug\Exceptions->errorHandler(2, 'pg_connect(): U...', 'C:\\laragon\\www\\...', 78)
#1 C:\laragon\www\SNIA KP\system\Database\Postgre\Connection.php(78): pg_connect('host=localhost ...')
#2 C:\laragon\www\SNIA KP\system\Database\BaseConnection.php(419): CodeIgniter\Database\Postgre\Connection->connect(false)
#3 C:\laragon\www\SNIA KP\system\Database\BaseConnection.php(614): CodeIgniter\Database\BaseConnection->initialize()
#4 C:\laragon\www\SNIA KP\system\Database\BaseConnection.php(1525): CodeIgniter\Database\BaseConnection->query('SELECT "table_n...')
#5 C:\laragon\www\SNIA KP\system\Database\BaseConnection.php(1545): CodeIgniter\Database\BaseConnection->listTables()
#6 C:\laragon\www\SNIA KP\system\Database\MigrationRunner.php(768): CodeIgniter\Database\BaseConnection->tableExists('migrations')
#7 C:\laragon\www\SNIA KP\system\Database\MigrationRunner.php(162): CodeIgniter\Database\MigrationRunner->ensureTable()
#8 C:\laragon\www\SNIA KP\system\Commands\Database\Migrate.php(85): CodeIgniter\Database\MigrationRunner->latest(NULL)
#9 C:\laragon\www\SNIA KP\system\CLI\Commands.php(74): CodeIgniter\Commands\Database\Migrate->run(Array)
#10 C:\laragon\www\SNIA KP\system\CLI\Console.php(47): CodeIgniter\CLI\Commands->run('migrate', Array)
#11 C:\laragon\www\SNIA KP\system\Boot.php(388): CodeIgniter\CLI\Console->run()
#12 C:\laragon\www\SNIA KP\system\Boot.php(133): CodeIgniter\Boot::runCommand(Object(CodeIgniter\CLI\Console))
#13 C:\laragon\www\SNIA KP\spark(87): CodeIgniter\Boot::bootSpark(Object(Config\Paths))
#14 {main}
ERROR - 2025-08-29 14:34:53 --> ErrorException: pg_query(): Query failed: ERROR:  invalid input syntax for type timestamp: "CURRENT_TIMESTAMP"
LINE 10:  "created_at" TIMESTAMP DEFAULT 'CURRENT_TIMESTAMP' NOT NULL...
                                         ^ in C:\laragon\www\SNIA KP\system\Database\Postgre\Connection.php:206
Stack trace:
#0 [internal function]: CodeIgniter\Debug\Exceptions->errorHandler(2, 'pg_query(): Que...', 'C:\\laragon\\www\\...', 206)
#1 C:\laragon\www\SNIA KP\system\Database\Postgre\Connection.php(206): pg_query(Object(PgSql\Connection), 'CREATE TABLE "u...')
#2 C:\laragon\www\SNIA KP\system\Database\BaseConnection.php(729): CodeIgniter\Database\Postgre\Connection->execute('CREATE TABLE "u...')
#3 C:\laragon\www\SNIA KP\system\Database\BaseConnection.php(646): CodeIgniter\Database\BaseConnection->simpleQuery('CREATE TABLE "u...')
#4 C:\laragon\www\SNIA KP\system\Database\Forge.php(570): CodeIgniter\Database\BaseConnection->query('CREATE TABLE "u...')
#5 C:\laragon\www\SNIA KP\app\Database\Migrations\2025-08-29-140337_CreateUsersTable.php(24): CodeIgniter\Database\Forge->createTable('users')
#6 C:\laragon\www\SNIA KP\system\Database\MigrationRunner.php(876): App\Database\Migrations\CreateUsersTable->up()
#7 C:\laragon\www\SNIA KP\system\Database\MigrationRunner.php(182): CodeIgniter\Database\MigrationRunner->migrate('up', Object(stdClass))
#8 C:\laragon\www\SNIA KP\system\Commands\Database\Migrate.php(85): CodeIgniter\Database\MigrationRunner->latest(NULL)
#9 C:\laragon\www\SNIA KP\system\CLI\Commands.php(74): CodeIgniter\Commands\Database\Migrate->run(Array)
#10 C:\laragon\www\SNIA KP\system\CLI\Console.php(47): CodeIgniter\CLI\Commands->run('migrate', Array)
#11 C:\laragon\www\SNIA KP\system\Boot.php(388): CodeIgniter\CLI\Console->run()
#12 C:\laragon\www\SNIA KP\system\Boot.php(133): CodeIgniter\Boot::runCommand(Object(CodeIgniter\CLI\Console))
#13 C:\laragon\www\SNIA KP\spark(87): CodeIgniter\Boot::bootSpark(Object(Config\Paths))
#14 {main}
ERROR - 2025-08-29 14:38:00 --> ErrorException: pg_query(): Query failed: ERROR:  invalid input syntax for type timestamp: "CURRENT_TIMESTAMP"
LINE 8:  "tanggal_upload" TIMESTAMP DEFAULT 'CURRENT_TIMESTAMP' NOT ...
                                            ^ in C:\laragon\www\SNIA KP\system\Database\Postgre\Connection.php:206
Stack trace:
#0 [internal function]: CodeIgniter\Debug\Exceptions->errorHandler(2, 'pg_query(): Que...', 'C:\\laragon\\www\\...', 206)
#1 C:\laragon\www\SNIA KP\system\Database\Postgre\Connection.php(206): pg_query(Object(PgSql\Connection), 'CREATE TABLE "a...')
#2 C:\laragon\www\SNIA KP\system\Database\BaseConnection.php(729): CodeIgniter\Database\Postgre\Connection->execute('CREATE TABLE "a...')
#3 C:\laragon\www\SNIA KP\system\Database\BaseConnection.php(646): CodeIgniter\Database\BaseConnection->simpleQuery('CREATE TABLE "a...')
#4 C:\laragon\www\SNIA KP\system\Database\Forge.php(570): CodeIgniter\Database\BaseConnection->query('CREATE TABLE "a...')
#5 C:\laragon\www\SNIA KP\app\Database\Migrations\2025-08-29-140629_CreateAbstrakTable.php(22): CodeIgniter\Database\Forge->createTable('abstrak')
#6 C:\laragon\www\SNIA KP\system\Database\MigrationRunner.php(876): App\Database\Migrations\CreateAbstrakTable->up()
#7 C:\laragon\www\SNIA KP\system\Database\MigrationRunner.php(182): CodeIgniter\Database\MigrationRunner->migrate('up', Object(stdClass))
#8 C:\laragon\www\SNIA KP\system\Commands\Database\Migrate.php(85): CodeIgniter\Database\MigrationRunner->latest(NULL)
#9 C:\laragon\www\SNIA KP\system\CLI\Commands.php(74): CodeIgniter\Commands\Database\Migrate->run(Array)
#10 C:\laragon\www\SNIA KP\system\CLI\Console.php(47): CodeIgniter\CLI\Commands->run('migrate', Array)
#11 C:\laragon\www\SNIA KP\system\Boot.php(388): CodeIgniter\CLI\Console->run()
#12 C:\laragon\www\SNIA KP\system\Boot.php(133): CodeIgniter\Boot::runCommand(Object(CodeIgniter\CLI\Console))
#13 C:\laragon\www\SNIA KP\spark(87): CodeIgniter\Boot::bootSpark(Object(Config\Paths))
#14 {main}
CRITICAL - 2025-08-29 16:38:35 --> CodeIgniter\Filters\Exceptions\FilterException: "auth" filter must have a matching alias defined.
[Method: GET, Route: dashboard]
in SYSTEMPATH\Filters\Filters.php on line 590.
 1 SYSTEMPATH\Filters\Filters.php(590): CodeIgniter\Filters\Exceptions\FilterException::forNoAlias('auth')
 2 SYSTEMPATH\Filters\Filters.php(641): CodeIgniter\Filters\Filters->enableFilter('auth', 'before')
 3 SYSTEMPATH\CodeIgniter.php(467): CodeIgniter\Filters\Filters->enableFilters([...], 'before')
 4 SYSTEMPATH\CodeIgniter.php(354): CodeIgniter\CodeIgniter->handleRequest(null, Object(Config\Cache), false)
 5 SYSTEMPATH\Boot.php(363): CodeIgniter\CodeIgniter->run()
 6 SYSTEMPATH\Boot.php(68): CodeIgniter\Boot::runCodeIgniter(Object(CodeIgniter\CodeIgniter))
 7 FCPATH\index.php(59): CodeIgniter\Boot::bootWeb(Object(Config\Paths))
 8 SYSTEMPATH\rewrite.php(44): require_once('C:\\laragon\\www\\SNIA KP\\public\\index.php')
ERROR - 2025-08-29 18:01:05 --> ErrorException: pg_query(): Query failed: ERROR:  null value in column &quot;nama_lengkap&quot; of relation &quot;users&quot; violates not-null constraint
DETAIL:  Failing row contains (2, null, danditaufik@if.unjani.ac.id, $2y$10$7tdpcKVtx9A0Dsbto/pvZOGLewhyUn0.OTTh1j.G9Xascjuf6RHca, audience, nonaktif, null, null, 2025-08-29 18:01:05, 2025-08-29 18:01:05). in C:\laragon\www\SNIA_KP\system\Database\Postgre\Connection.php:206
Stack trace:
#0 [internal function]: CodeIgniter\Debug\Exceptions->errorHandler(2, 'pg_query(): Que...', 'C:\\laragon\\www\\...', 206)
#1 C:\laragon\www\SNIA_KP\system\Database\Postgre\Connection.php(206): pg_query(Object(PgSql\Connection), 'INSERT INTO "us...')
#2 C:\laragon\www\SNIA_KP\system\Database\BaseConnection.php(729): CodeIgniter\Database\Postgre\Connection->execute('INSERT INTO "us...')
#3 C:\laragon\www\SNIA_KP\system\Database\BaseConnection.php(646): CodeIgniter\Database\BaseConnection->simpleQuery('INSERT INTO "us...')
#4 C:\laragon\www\SNIA_KP\system\Database\BaseBuilder.php(2345): CodeIgniter\Database\BaseConnection->query('INSERT INTO "us...', Array, false)
#5 C:\laragon\www\SNIA_KP\system\Model.php(394): CodeIgniter\Database\BaseBuilder->insert()
#6 C:\laragon\www\SNIA_KP\system\BaseModel.php(838): CodeIgniter\Model->doInsert(Array)
#7 C:\laragon\www\SNIA_KP\system\Model.php(797): CodeIgniter\BaseModel->insert(Array, true)
#8 C:\laragon\www\SNIA_KP\app\Controllers\Auth\Register.php(32): CodeIgniter\Model->insert(Array)
#9 C:\laragon\www\SNIA_KP\system\CodeIgniter.php(933): App\Controllers\Auth\Register->store()
#10 C:\laragon\www\SNIA_KP\system\CodeIgniter.php(507): CodeIgniter\CodeIgniter->runController(Object(App\Controllers\Auth\Register))
#11 C:\laragon\www\SNIA_KP\system\CodeIgniter.php(354): CodeIgniter\CodeIgniter->handleRequest(NULL, Object(Config\Cache), false)
#12 C:\laragon\www\SNIA_KP\system\Boot.php(363): CodeIgniter\CodeIgniter->run()
#13 C:\laragon\www\SNIA_KP\system\Boot.php(68): CodeIgniter\Boot::runCodeIgniter(Object(CodeIgniter\CodeIgniter))
#14 C:\laragon\www\SNIA_KP\public\index.php(59): CodeIgniter\Boot::bootWeb(Object(Config\Paths))
#15 C:\laragon\www\SNIA_KP\system\rewrite.php(44): require_once('C:\\laragon\\www\\...')
#16 {main}
CRITICAL - 2025-08-29 18:01:05 --> CodeIgniter\Database\Exceptions\DatabaseException: pg_query(): Query failed: ERROR:  null value in column &quot;nama_lengkap&quot; of relation &quot;users&quot; violates not-null constraint
DETAIL:  Failing row contains (2, null, danditaufik@if.unjani.ac.id, $2y$10$7tdpcKVtx9A0Dsbto/pvZOGLewhyUn0.OTTh1j.G9Xascjuf6RHca, audience, nonaktif, null, null, 2025-08-29 18:01:05, 2025-08-29 18:01:05).
[Method: POST, Route: auth/register]
in SYSTEMPATH\Database\BaseConnection.php on line 684.
 1 SYSTEMPATH\Database\BaseBuilder.php(2345): CodeIgniter\Database\BaseConnection->query('INSERT INTO "users" ("nama_lengkap", "email", "password", "role", "status", "created_at", "updated_at") VALUES (:nama_lengkap:, :email:, :password:, :role:, :status:, :created_at:, :updated_at:)', [...], false)
 2 SYSTEMPATH\Model.php(394): CodeIgniter\Database\BaseBuilder->insert()
 3 SYSTEMPATH\BaseModel.php(838): CodeIgniter\Model->doInsert([...])
 4 SYSTEMPATH\Model.php(797): CodeIgniter\BaseModel->insert([...], true)
 5 APPPATH\Controllers\Auth\Register.php(32): CodeIgniter\Model->insert([...])
 6 SYSTEMPATH\CodeIgniter.php(933): App\Controllers\Auth\Register->store()
 7 SYSTEMPATH\CodeIgniter.php(507): CodeIgniter\CodeIgniter->runController(Object(App\Controllers\Auth\Register))
 8 SYSTEMPATH\CodeIgniter.php(354): CodeIgniter\CodeIgniter->handleRequest(null, Object(Config\Cache), false)
 9 SYSTEMPATH\Boot.php(363): CodeIgniter\CodeIgniter->run()
10 SYSTEMPATH\Boot.php(68): CodeIgniter\Boot::runCodeIgniter(Object(CodeIgniter\CodeIgniter))
11 FCPATH\index.php(59): CodeIgniter\Boot::bootWeb(Object(Config\Paths))
12 SYSTEMPATH\rewrite.php(44): require_once('C:\\laragon\\www\\SNIA_KP\\public\\index.php')
CRITICAL - 2025-08-29 18:01:05 --> [Caused by] CodeIgniter\Database\Exceptions\DatabaseException: pg_query(): Query failed: ERROR:  null value in column &quot;nama_lengkap&quot; of relation &quot;users&quot; violates not-null constraint
DETAIL:  Failing row contains (2, null, danditaufik@if.unjani.ac.id, $2y$10$7tdpcKVtx9A0Dsbto/pvZOGLewhyUn0.OTTh1j.G9Xascjuf6RHca, audience, nonaktif, null, null, 2025-08-29 18:01:05, 2025-08-29 18:01:05).
in SYSTEMPATH\Database\Postgre\Connection.php on line 211.
 1 SYSTEMPATH\Database\BaseConnection.php(729): CodeIgniter\Database\Postgre\Connection->execute('INSERT INTO "users" ("nama_lengkap", "email", "password", "role", "status", "created_at", "updated_at") VALUES (NULL, \'danditaufik@if.unjani.ac.id\', \'$2y$10$7tdpcKVtx9A0Dsbto/pvZOGLewhyUn0.OTTh1j.G9Xascjuf6RHca\', \'audience\', \'nonaktif\', \'2025-08-29 18:01:05\', \'2025-08-29 18:01:05\')')
 2 SYSTEMPATH\Database\BaseConnection.php(646): CodeIgniter\Database\BaseConnection->simpleQuery('INSERT INTO "users" ("nama_lengkap", "email", "password", "role", "status", "created_at", "updated_at") VALUES (NULL, \'danditaufik@if.unjani.ac.id\', \'$2y$10$7tdpcKVtx9A0Dsbto/pvZOGLewhyUn0.OTTh1j.G9Xascjuf6RHca\', \'audience\', \'nonaktif\', \'2025-08-29 18:01:05\', \'2025-08-29 18:01:05\')')
 3 SYSTEMPATH\Database\BaseBuilder.php(2345): CodeIgniter\Database\BaseConnection->query('INSERT INTO "users" ("nama_lengkap", "email", "password", "role", "status", "created_at", "updated_at") VALUES (:nama_lengkap:, :email:, :password:, :role:, :status:, :created_at:, :updated_at:)', [...], false)
 4 SYSTEMPATH\Model.php(394): CodeIgniter\Database\BaseBuilder->insert()
 5 SYSTEMPATH\BaseModel.php(838): CodeIgniter\Model->doInsert([...])
 6 SYSTEMPATH\Model.php(797): CodeIgniter\BaseModel->insert([...], true)
 7 APPPATH\Controllers\Auth\Register.php(32): CodeIgniter\Model->insert([...])
 8 SYSTEMPATH\CodeIgniter.php(933): App\Controllers\Auth\Register->store()
 9 SYSTEMPATH\CodeIgniter.php(507): CodeIgniter\CodeIgniter->runController(Object(App\Controllers\Auth\Register))
10 SYSTEMPATH\CodeIgniter.php(354): CodeIgniter\CodeIgniter->handleRequest(null, Object(Config\Cache), false)
11 SYSTEMPATH\Boot.php(363): CodeIgniter\CodeIgniter->run()
12 SYSTEMPATH\Boot.php(68): CodeIgniter\Boot::runCodeIgniter(Object(CodeIgniter\CodeIgniter))
13 FCPATH\index.php(59): CodeIgniter\Boot::bootWeb(Object(Config\Paths))
14 SYSTEMPATH\rewrite.php(44): require_once('C:\\laragon\\www\\SNIA_KP\\public\\index.php')
CRITICAL - 2025-08-29 18:01:05 --> [Caused by] ErrorException: pg_query(): Query failed: ERROR:  null value in column &quot;nama_lengkap&quot; of relation &quot;users&quot; violates not-null constraint
DETAIL:  Failing row contains (2, null, danditaufik@if.unjani.ac.id, $2y$10$7tdpcKVtx9A0Dsbto/pvZOGLewhyUn0.OTTh1j.G9Xascjuf6RHca, audience, nonaktif, null, null, 2025-08-29 18:01:05, 2025-08-29 18:01:05).
in SYSTEMPATH\Database\Postgre\Connection.php on line 206.
 1 [internal function]: CodeIgniter\Debug\Exceptions->errorHandler(2, 'pg_query(): Query failed: ERROR:  null value in column &quot;nama_lengkap&quot; of relation &quot;users&quot; violates not-null constraint
DETAIL:  Failing row contains (2, null, danditaufik@if.unjani.ac.id, $2y$10$7tdpcKVtx9A0Dsbto/pvZOGLewhyUn0.OTTh1j.G9Xascjuf6RHca, audience, nonaktif, null, null, 2025-08-29 18:01:05, 2025-08-29 18:01:05).', 'C:\\laragon\\www\\SNIA_KP\\system\\Database\\Postgre\\Connection.php', 206)
 2 SYSTEMPATH\Database\Postgre\Connection.php(206): pg_query(Object(PgSql\Connection), 'INSERT INTO "users" ("nama_lengkap", "email", "password", "role", "status", "created_at", "updated_at") VALUES (NULL, \'danditaufik@if.unjani.ac.id\', \'$2y$10$7tdpcKVtx9A0Dsbto/pvZOGLewhyUn0.OTTh1j.G9Xascjuf6RHca\', \'audience\', \'nonaktif\', \'2025-08-29 18:01:05\', \'2025-08-29 18:01:05\')')
 3 SYSTEMPATH\Database\BaseConnection.php(729): CodeIgniter\Database\Postgre\Connection->execute('INSERT INTO "users" ("nama_lengkap", "email", "password", "role", "status", "created_at", "updated_at") VALUES (NULL, \'danditaufik@if.unjani.ac.id\', \'$2y$10$7tdpcKVtx9A0Dsbto/pvZOGLewhyUn0.OTTh1j.G9Xascjuf6RHca\', \'audience\', \'nonaktif\', \'2025-08-29 18:01:05\', \'2025-08-29 18:01:05\')')
 4 SYSTEMPATH\Database\BaseConnection.php(646): CodeIgniter\Database\BaseConnection->simpleQuery('INSERT INTO "users" ("nama_lengkap", "email", "password", "role", "status", "created_at", "updated_at") VALUES (NULL, \'danditaufik@if.unjani.ac.id\', \'$2y$10$7tdpcKVtx9A0Dsbto/pvZOGLewhyUn0.OTTh1j.G9Xascjuf6RHca\', \'audience\', \'nonaktif\', \'2025-08-29 18:01:05\', \'2025-08-29 18:01:05\')')
 5 SYSTEMPATH\Database\BaseBuilder.php(2345): CodeIgniter\Database\BaseConnection->query('INSERT INTO "users" ("nama_lengkap", "email", "password", "role", "status", "created_at", "updated_at") VALUES (:nama_lengkap:, :email:, :password:, :role:, :status:, :created_at:, :updated_at:)', [...], false)
 6 SYSTEMPATH\Model.php(394): CodeIgniter\Database\BaseBuilder->insert()
 7 SYSTEMPATH\BaseModel.php(838): CodeIgniter\Model->doInsert([...])
 8 SYSTEMPATH\Model.php(797): CodeIgniter\BaseModel->insert([...], true)
 9 APPPATH\Controllers\Auth\Register.php(32): CodeIgniter\Model->insert([...])
10 SYSTEMPATH\CodeIgniter.php(933): App\Controllers\Auth\Register->store()
11 SYSTEMPATH\CodeIgniter.php(507): CodeIgniter\CodeIgniter->runController(Object(App\Controllers\Auth\Register))
12 SYSTEMPATH\CodeIgniter.php(354): CodeIgniter\CodeIgniter->handleRequest(null, Object(Config\Cache), false)
13 SYSTEMPATH\Boot.php(363): CodeIgniter\CodeIgniter->run()
14 SYSTEMPATH\Boot.php(68): CodeIgniter\Boot::runCodeIgniter(Object(CodeIgniter\CodeIgniter))
15 FCPATH\index.php(59): CodeIgniter\Boot::bootWeb(Object(Config\Paths))
16 SYSTEMPATH\rewrite.php(44): require_once('C:\\laragon\\www\\SNIA_KP\\public\\index.php')
ERROR - 2025-08-29 18:05:56 --> Email: Unable to send email using SMTP. Your server might not be configured to send mail using this method.
ERROR - 2025-08-29 18:05:56 --> 220 smtp.gmail.com ESMTP d2e1a72fcca58-7722a4bcd09sm2907944b3a.49 - gsmtp

hello: 250-smtp.gmail.com at your service, [2001:448a:3052:61f9:c5:894d:5849:2fb0]
250-SIZE 35882577
250-8BITMIME
250-STARTTLS
250-ENHANCEDSTATUSCODES
250-PIPELINING
250-CHUNKING
250 SMTPUTF8

starttls: 220 2.0.0 Ready to start TLS

hello: 250-smtp.gmail.com at your service, [2001:448a:3052:61f9:c5:894d:5849:2fb0]
250-SIZE 35882577
250-8BITMIME
250-AUTH LOGIN PLAIN XOAUTH2 PLAIN-CLIENTTOKEN OAUTHBEARER XOAUTH
250-ENHANCEDSTATUSCODES
250-PIPELINING
250-CHUNKING
250 SMTPUTF8

Failed to authenticate password. Error: 535-5.7.8 Username and Password not accepted. For more information, go to
535 5.7.8  https://support.google.com/mail/?p=BadCredentials d2e1a72fcca58-7722a4bcd09sm2907944b3a.49 - gsmtp

ERROR - 2025-08-29 18:07:08 --> Email: Unable to send email using SMTP. Your server might not be configured to send mail using this method.
ERROR - 2025-08-29 18:07:08 --> 220 smtp.gmail.com ESMTP d9443c01a7336-2490359f808sm31859625ad.0 - gsmtp

hello: 250-smtp.gmail.com at your service, [2001:448a:3052:61f9:c5:894d:5849:2fb0]
250-SIZE 35882577
250-8BITMIME
250-STARTTLS
250-ENHANCEDSTATUSCODES
250-PIPELINING
250-CHUNKING
250 SMTPUTF8

starttls: 220 2.0.0 Ready to start TLS

hello: 250-smtp.gmail.com at your service, [2001:448a:3052:61f9:c5:894d:5849:2fb0]
250-SIZE 35882577
250-8BITMIME
250-AUTH LOGIN PLAIN XOAUTH2 PLAIN-CLIENTTOKEN OAUTHBEARER XOAUTH
250-ENHANCEDSTATUSCODES
250-PIPELINING
250-CHUNKING
250 SMTPUTF8

Failed to authenticate password. Error: 535-5.7.8 Username and Password not accepted. For more information, go to
535 5.7.8  https://support.google.com/mail/?p=BadCredentials d9443c01a7336-2490359f808sm31859625ad.0 - gsmtp

DEBUG - 2025-08-29 18:27:23 --> Session: Class initialized using 'CodeIgniter\Session\Handlers\FileHandler' driver.
DEBUG - 2025-08-29 18:27:40 --> Session: Class initialized using 'CodeIgniter\Session\Handlers\FileHandler' driver.
DEBUG - 2025-08-29 18:27:40 --> Session: Class initialized using 'CodeIgniter\Session\Handlers\FileHandler' driver.
DEBUG - 2025-08-29 18:28:38 --> Session: Class initialized using 'CodeIgniter\Session\Handlers\FileHandler' driver.
DEBUG - 2025-08-29 18:28:38 --> Session: Class initialized using 'CodeIgniter\Session\Handlers\FileHandler' driver.
DEBUG - 2025-08-29 18:28:57 --> Session: Class initialized using 'CodeIgniter\Session\Handlers\FileHandler' driver.
DEBUG - 2025-08-29 18:28:57 --> Session: Class initialized using 'CodeIgniter\Session\Handlers\FileHandler' driver.
DEBUG - 2025-08-29 18:29:10 --> Session: Class initialized using 'CodeIgniter\Session\Handlers\FileHandler' driver.
DEBUG - 2025-08-29 18:29:10 --> Session: Class initialized using 'CodeIgniter\Session\Handlers\FileHandler' driver.
DEBUG - 2025-08-29 18:29:12 --> Session: Class initialized using 'CodeIgniter\Session\Handlers\FileHandler' driver.
DEBUG - 2025-08-29 18:29:12 --> Session: Class initialized using 'CodeIgniter\Session\Handlers\FileHandler' driver.
DEBUG - 2025-08-29 18:31:12 --> Session: Class initialized using 'CodeIgniter\Session\Handlers\FileHandler' driver.
DEBUG - 2025-08-29 18:31:12 --> Session: Class initialized using 'CodeIgniter\Session\Handlers\FileHandler' driver.
DEBUG - 2025-08-29 18:47:14 --> Session: Class initialized using 'CodeIgniter\Session\Handlers\FileHandler' driver.
DEBUG - 2025-08-29 18:47:14 --> Session: Class initialized using 'CodeIgniter\Session\Handlers\FileHandler' driver.
DEBUG - 2025-08-29 18:47:15 --> Session: Class initialized using 'CodeIgniter\Session\Handlers\FileHandler' driver.
DEBUG - 2025-08-29 18:47:15 --> Session: Class initialized using 'CodeIgniter\Session\Handlers\FileHandler' driver.
DEBUG - 2025-08-29 18:47:16 --> Session: Class initialized using 'CodeIgniter\Session\Handlers\FileHandler' driver.
DEBUG - 2025-08-29 18:47:16 --> Session: Class initialized using 'CodeIgniter\Session\Handlers\FileHandler' driver.
DEBUG - 2025-08-29 18:48:46 --> Session: Class initialized using 'CodeIgniter\Session\Handlers\FileHandler' driver.
DEBUG - 2025-08-29 18:49:04 --> Session: Class initialized using 'CodeIgniter\Session\Handlers\FileHandler' driver.
DEBUG - 2025-08-29 18:49:04 --> Session: Class initialized using 'CodeIgniter\Session\Handlers\FileHandler' driver.
DEBUG - 2025-08-29 18:49:25 --> Session: Class initialized using 'CodeIgniter\Session\Handlers\FileHandler' driver.
DEBUG - 2025-08-29 18:49:25 --> Session: Class initialized using 'CodeIgniter\Session\Handlers\FileHandler' driver.
DEBUG - 2025-08-29 18:49:41 --> Session: Class initialized using 'CodeIgniter\Session\Handlers\FileHandler' driver.
DEBUG - 2025-08-29 18:49:41 --> Session: Class initialized using 'CodeIgniter\Session\Handlers\FileHandler' driver.
DEBUG - 2025-08-29 18:50:10 --> Session: Class initialized using 'CodeIgniter\Session\Handlers\FileHandler' driver.
DEBUG - 2025-08-29 18:50:10 --> Session: Class initialized using 'CodeIgniter\Session\Handlers\FileHandler' driver.
DEBUG - 2025-08-29 18:50:42 --> Session: Class initialized using 'CodeIgniter\Session\Handlers\FileHandler' driver.
DEBUG - 2025-08-29 18:50:45 --> Session: Class initialized using 'CodeIgniter\Session\Handlers\FileHandler' driver.
DEBUG - 2025-08-29 18:51:04 --> Session: Class initialized using 'CodeIgniter\Session\Handlers\FileHandler' driver.
DEBUG - 2025-08-29 18:51:04 --> Session: Class initialized using 'CodeIgniter\Session\Handlers\FileHandler' driver.
DEBUG - 2025-08-29 19:15:18 --> Session: Class initialized using 'CodeIgniter\Session\Handlers\FileHandler' driver.
DEBUG - 2025-08-29 19:15:48 --> Session: Class initialized using 'CodeIgniter\Session\Handlers\FileHandler' driver.
DEBUG - 2025-08-29 19:15:48 --> Session: Class initialized using 'CodeIgniter\Session\Handlers\FileHandler' driver.
DEBUG - 2025-08-29 19:16:08 --> Session: Class initialized using 'CodeIgniter\Session\Handlers\FileHandler' driver.
DEBUG - 2025-08-29 19:16:08 --> Session: Class initialized using 'CodeIgniter\Session\Handlers\FileHandler' driver.
DEBUG - 2025-08-29 19:16:18 --> Session: Class initialized using 'CodeIgniter\Session\Handlers\FileHandler' driver.
DEBUG - 2025-08-29 19:16:18 --> Session: Class initialized using 'CodeIgniter\Session\Handlers\FileHandler' driver.
DEBUG - 2025-08-29 19:16:18 --> Session: Class initialized using 'CodeIgniter\Session\Handlers\FileHandler' driver.
DEBUG - 2025-08-29 19:18:00 --> Session: Class initialized using 'CodeIgniter\Session\Handlers\FileHandler' driver.
DEBUG - 2025-08-29 19:18:55 --> Session: Class initialized using 'CodeIgniter\Session\Handlers\FileHandler' driver.
DEBUG - 2025-08-29 19:19:15 --> Session: Class initialized using 'CodeIgniter\Session\Handlers\FileHandler' driver.
DEBUG - 2025-08-29 19:19:46 --> Session: Class initialized using 'CodeIgniter\Session\Handlers\FileHandler' driver.
DEBUG - 2025-08-29 19:19:46 --> Session: Class initialized using 'CodeIgniter\Session\Handlers\FileHandler' driver.
DEBUG - 2025-08-29 19:20:13 --> Session: Class initialized using 'CodeIgniter\Session\Handlers\FileHandler' driver.
DEBUG - 2025-08-29 19:20:13 --> Session: Class initialized using 'CodeIgniter\Session\Handlers\FileHandler' driver.
DEBUG - 2025-08-29 19:20:30 --> Session: Class initialized using 'CodeIgniter\Session\Handlers\FileHandler' driver.
DEBUG - 2025-08-29 19:20:30 --> Session: Class initialized using 'CodeIgniter\Session\Handlers\FileHandler' driver.
DEBUG - 2025-08-29 19:20:31 --> Session: Class initialized using 'CodeIgniter\Session\Handlers\FileHandler' driver.
DEBUG - 2025-08-29 19:21:48 --> Session: Class initialized using 'CodeIgniter\Session\Handlers\FileHandler' driver.
DEBUG - 2025-08-29 19:31:26 --> Session: Class initialized using 'CodeIgniter\Session\Handlers\FileHandler' driver.
DEBUG - 2025-08-29 19:31:30 --> Session: Class initialized using 'CodeIgniter\Session\Handlers\FileHandler' driver.
DEBUG - 2025-08-29 19:31:33 --> Session: Class initialized using 'CodeIgniter\Session\Handlers\FileHandler' driver.
DEBUG - 2025-08-29 19:31:33 --> Session: Class initialized using 'CodeIgniter\Session\Handlers\FileHandler' driver.
DEBUG - 2025-08-29 19:31:41 --> Session: Class initialized using 'CodeIgniter\Session\Handlers\FileHandler' driver.
DEBUG - 2025-08-29 19:31:41 --> Session: Class initialized using 'CodeIgniter\Session\Handlers\FileHandler' driver.
DEBUG - 2025-08-29 19:31:52 --> Session: Class initialized using 'CodeIgniter\Session\Handlers\FileHandler' driver.
DEBUG - 2025-08-29 19:31:52 --> Session: Class initialized using 'CodeIgniter\Session\Handlers\FileHandler' driver.
DEBUG - 2025-08-29 19:31:53 --> Session: Class initialized using 'CodeIgniter\Session\Handlers\FileHandler' driver.
DEBUG - 2025-08-29 19:32:15 --> Session: Class initialized using 'CodeIgniter\Session\Handlers\FileHandler' driver.
DEBUG - 2025-08-29 19:32:15 --> Session: Class initialized using 'CodeIgniter\Session\Handlers\FileHandler' driver.
DEBUG - 2025-08-29 19:32:43 --> Session: Class initialized using 'CodeIgniter\Session\Handlers\FileHandler' driver.
DEBUG - 2025-08-29 19:32:43 --> Session: Class initialized using 'CodeIgniter\Session\Handlers\FileHandler' driver.
DEBUG - 2025-08-29 19:33:14 --> Session: Class initialized using 'CodeIgniter\Session\Handlers\FileHandler' driver.
DEBUG - 2025-08-29 19:34:02 --> Session: Class initialized using 'CodeIgniter\Session\Handlers\FileHandler' driver.
DEBUG - 2025-08-29 19:34:02 --> Session: Class initialized using 'CodeIgniter\Session\Handlers\FileHandler' driver.
DEBUG - 2025-08-29 19:35:47 --> Session: Class initialized using 'CodeIgniter\Session\Handlers\FileHandler' driver.
DEBUG - 2025-08-29 19:35:50 --> Session: Class initialized using 'CodeIgniter\Session\Handlers\FileHandler' driver.
DEBUG - 2025-08-29 19:36:37 --> Session: Class initialized using 'CodeIgniter\Session\Handlers\FileHandler' driver.
DEBUG - 2025-08-29 19:36:54 --> Session: Class initialized using 'CodeIgniter\Session\Handlers\FileHandler' driver.
DEBUG - 2025-08-29 19:37:15 --> Session: Class initialized using 'CodeIgniter\Session\Handlers\FileHandler' driver.
DEBUG - 2025-08-29 19:37:15 --> Session: Class initialized using 'CodeIgniter\Session\Handlers\FileHandler' driver.
DEBUG - 2025-08-29 19:37:38 --> Session: Class initialized using 'CodeIgniter\Session\Handlers\FileHandler' driver.
DEBUG - 2025-08-29 19:37:38 --> Session: Class initialized using 'CodeIgniter\Session\Handlers\FileHandler' driver.
DEBUG - 2025-08-29 19:39:37 --> Session: Class initialized using 'CodeIgniter\Session\Handlers\FileHandler' driver.
DEBUG - 2025-08-29 19:39:38 --> Session: Class initialized using 'CodeIgniter\Session\Handlers\FileHandler' driver.
DEBUG - 2025-08-29 19:42:42 --> Session: Class initialized using 'CodeIgniter\Session\Handlers\FileHandler' driver.
DEBUG - 2025-08-29 19:42:42 --> Session: Class initialized using 'CodeIgniter\Session\Handlers\FileHandler' driver.
DEBUG - 2025-08-29 19:42:42 --> Session: Class initialized using 'CodeIgniter\Session\Handlers\FileHandler' driver.
